[ 2018-07-02T09:58:11+08:00 ] 127.0.0.1 /index
INFO: [ app_init ] --START--
INFO: Run Behavior\BuildLiteBehavior [ RunTime:0.000027s ]
INFO: [ app_init ] --END-- [ RunTime:0.000662s ]
INFO: [ app_begin ] --START--
INFO: Run Behavior\ReadHtmlCacheBehavior [ RunTime:0.000667s ]
INFO: Run Behavior\CheckLangBehavior [ RunTime:0.004667s ]
INFO: [ app_begin ] --END-- [ RunTime:0.005527s ]
INFO: [ view_parse ] --START--
INFO: [ template_filter ] --START--
INFO: Run Behavior\ContentReplaceBehavior [ RunTime:0.000081s ]
INFO: [ template_filter ] --END-- [ RunTime:0.000196s ]
INFO: Run Behavior\ParseTemplateBehavior [ RunTime:0.093047s ]
INFO: [ view_parse ] --END-- [ RunTime:0.093188s ]
INFO: [ view_filter ] --START--
INFO: Run Behavior\WriteHtmlCacheBehavior [ RunTime:0.010064s ]
INFO: Run Behavior\TokenBuildBehavior [ RunTime:0.014530s ]
INFO: [ view_filter ] --END-- [ RunTime:0.024826s ]
INFO: [ app_end ] --START--
INFO: Run Behavior\ShowPageTraceBehavior [ RunTime:0.007351s ]
INFO: [ app_end ] --END-- [ RunTime:0.007491s ]

[ 2018-07-02T09:58:12+08:00 ] 127.0.0.1 /Index/view
INFO: [ app_init ] --START--
INFO: Run Behavior\BuildLiteBehavior [ RunTime:0.000026s ]
INFO: [ app_init ] --END-- [ RunTime:0.000542s ]
INFO: [ app_begin ] --START--
INFO: Run Behavior\ReadHtmlCacheBehavior [ RunTime:0.000605s ]
INFO: Run Behavior\CheckLangBehavior [ RunTime:0.001258s ]
INFO: [ app_begin ] --END-- [ RunTime:0.002052s ]
SQL: DESCRIBE client [ RunTime:0.039417s ]
ERR: 1146:Table 'cdd.client' doesn't exist
 [ SQL语句 ] : DESCRIBE client
SQL: SELECT * FROM `client`  [ RunTime:0.039120s ]
ERR: 1146:Table 'cdd.client' doesn't exist
 [ SQL语句 ] : SELECT * FROM `client` 
NOTIC: [2] Invalid argument supplied for foreach() D:\Projects\cdd\System\Application\Home\Controller\IndexController.class.php 第 25 行.
SQL: DESCRIBE car_info [ RunTime:0.038971s ]
ERR: 1146:Table 'cdd.car_info' doesn't exist
 [ SQL语句 ] : DESCRIBE car_info
SQL: SELECT * FROM `car_info` WHERE (  (`create_time` BETWEEN 1527955200 AND 1530460800 ) )  [ RunTime:0.035556s ]
ERR: 1146:Table 'cdd.car_info' doesn't exist
 [ SQL语句 ] : SELECT * FROM `car_info` WHERE (  (`create_time` BETWEEN 1527955200 AND 1530460800 ) ) 
NOTIC: [2] Invalid argument supplied for foreach() D:\Projects\cdd\System\Application\Home\Controller\IndexController.class.php 第 34 行.
NOTIC: [8] Undefined offset: 3 D:\Projects\cdd\System\Application\Home\Controller\IndexController.class.php 第 40 行.
NOTIC: [2] Invalid argument supplied for foreach() D:\Projects\cdd\System\Application\Home\Controller\IndexController.class.php 第 40 行.
SQL: SELECT * FROM `car_info` WHERE ( `user_id` IN () )  [ RunTime:0.040610s ]
ERR: 1064:You have an error in your SQL syntax; check the manual that corresponds to your MySQL server version for the right syntax to use near ') )' at line 1
 [ SQL语句 ] : SELECT * FROM `car_info` WHERE ( `user_id` IN () ) 
NOTIC: [8] Undefined offset: 0 D:\Projects\cdd\System\Application\Home\Controller\IndexController.class.php 第 48 行.
NOTIC: [2] Invalid argument supplied for foreach() D:\Projects\cdd\System\Application\Home\Controller\IndexController.class.php 第 48 行.
SQL: SELECT * FROM `car_info` WHERE ( `user_id` IN () )  [ RunTime:0.038727s ]
ERR: 1064:You have an error in your SQL syntax; check the manual that corresponds to your MySQL server version for the right syntax to use near ') )' at line 1
 [ SQL语句 ] : SELECT * FROM `car_info` WHERE ( `user_id` IN () ) 
NOTIC: [8] Undefined variable: client_time D:\Projects\cdd\System\Application\Home\Controller\IndexController.class.php 第 60 行.
NOTIC: [8] Undefined variable: car_time D:\Projects\cdd\System\Application\Home\Controller\IndexController.class.php 第 61 行.
INFO: [ view_parse ] --START--
INFO: [ template_filter ] --START--
INFO: Run Behavior\ContentReplaceBehavior [ RunTime:0.000101s ]
INFO: [ template_filter ] --END-- [ RunTime:0.000208s ]
NOTIC: [8] Undefined offset: 3 D:\Projects\cdd\System\Application\Runtime\Cache\Home\a8d862fa6b2a32ef77fba93d21f576d0.php 第 267 行.
NOTIC: [8] Undefined offset: 0 D:\Projects\cdd\System\Application\Runtime\Cache\Home\a8d862fa6b2a32ef77fba93d21f576d0.php 第 268 行.
NOTIC: [8] Undefined offset: 1 D:\Projects\cdd\System\Application\Runtime\Cache\Home\a8d862fa6b2a32ef77fba93d21f576d0.php 第 269 行.
NOTIC: [8] Undefined offset: 2 D:\Projects\cdd\System\Application\Runtime\Cache\Home\a8d862fa6b2a32ef77fba93d21f576d0.php 第 270 行.
INFO: Run Behavior\ParseTemplateBehavior [ RunTime:0.091079s ]
INFO: [ view_parse ] --END-- [ RunTime:0.091197s ]
INFO: [ view_filter ] --START--
INFO: Run Behavior\WriteHtmlCacheBehavior [ RunTime:0.000515s ]
INFO: Run Behavior\TokenBuildBehavior [ RunTime:0.000979s ]
INFO: [ view_filter ] --END-- [ RunTime:0.001657s ]
INFO: [ app_end ] --START--
INFO: Run Behavior\ShowPageTraceBehavior [ RunTime:0.000680s ]
INFO: [ app_end ] --END-- [ RunTime:0.000782s ]

[ 2018-07-02T09:58:12+08:00 ] 127.0.0.1 /fonts/fontawesome-webfont.woff2?v=4.4.0
INFO: [ app_init ] --START--
INFO: Run Behavior\BuildLiteBehavior [ RunTime:0.000024s ]
INFO: [ app_init ] --END-- [ RunTime:0.000553s ]
INFO: [ app_begin ] --START--
INFO: Run Behavior\ReadHtmlCacheBehavior [ RunTime:0.001017s ]
INFO: Run Behavior\CheckLangBehavior [ RunTime:0.001869s ]
INFO: [ app_begin ] --END-- [ RunTime:0.003216s ]
ERR: 无法加载控制器:Fonts

[ 2018-07-02T10:01:27+08:00 ] 127.0.0.1 /index
INFO: [ app_init ] --START--
INFO: Run Behavior\BuildLiteBehavior [ RunTime:0.000023s ]
INFO: [ app_init ] --END-- [ RunTime:0.000502s ]
INFO: [ app_begin ] --START--
INFO: Run Behavior\ReadHtmlCacheBehavior [ RunTime:0.000571s ]
INFO: Run Behavior\CheckLangBehavior [ RunTime:0.001047s ]
INFO: [ app_begin ] --END-- [ RunTime:0.001790s ]
INFO: [ view_parse ] --START--
INFO: [ template_filter ] --START--
INFO: Run Behavior\ContentReplaceBehavior [ RunTime:0.000095s ]
INFO: [ template_filter ] --END-- [ RunTime:0.000243s ]
INFO: Run Behavior\ParseTemplateBehavior [ RunTime:0.009384s ]
INFO: [ view_parse ] --END-- [ RunTime:0.009513s ]
INFO: [ view_filter ] --START--
INFO: Run Behavior\WriteHtmlCacheBehavior [ RunTime:0.000544s ]
INFO: Run Behavior\TokenBuildBehavior [ RunTime:0.000792s ]
INFO: [ view_filter ] --END-- [ RunTime:0.001503s ]
INFO: [ app_end ] --START--
INFO: Run Behavior\ShowPageTraceBehavior [ RunTime:0.000667s ]
INFO: [ app_end ] --END-- [ RunTime:0.000768s ]

[ 2018-07-02T10:01:27+08:00 ] 127.0.0.1 /Index/view
INFO: [ app_init ] --START--
INFO: Run Behavior\BuildLiteBehavior [ RunTime:0.000045s ]
INFO: [ app_init ] --END-- [ RunTime:0.002650s ]
INFO: [ app_begin ] --START--
INFO: Run Behavior\ReadHtmlCacheBehavior [ RunTime:0.000530s ]
INFO: Run Behavior\CheckLangBehavior [ RunTime:0.001048s ]
INFO: [ app_begin ] --END-- [ RunTime:0.001755s ]
SQL: DESCRIBE client [ RunTime:0.036904s ]
ERR: 1146:Table 'cdd.client' doesn't exist
 [ SQL语句 ] : DESCRIBE client
SQL: SELECT * FROM `client`  [ RunTime:0.037510s ]
ERR: 1146:Table 'cdd.client' doesn't exist
 [ SQL语句 ] : SELECT * FROM `client` 
NOTIC: [2] Invalid argument supplied for foreach() D:\Projects\cdd\System\Application\Home\Controller\IndexController.class.php 第 25 行.
SQL: DESCRIBE car_info [ RunTime:0.037272s ]
ERR: 1146:Table 'cdd.car_info' doesn't exist
 [ SQL语句 ] : DESCRIBE car_info
SQL: SELECT * FROM `car_info` WHERE (  (`create_time` BETWEEN 1527955200 AND 1530460800 ) )  [ RunTime:0.037928s ]
ERR: 1146:Table 'cdd.car_info' doesn't exist
 [ SQL语句 ] : SELECT * FROM `car_info` WHERE (  (`create_time` BETWEEN 1527955200 AND 1530460800 ) ) 
NOTIC: [2] Invalid argument supplied for foreach() D:\Projects\cdd\System\Application\Home\Controller\IndexController.class.php 第 34 行.
NOTIC: [8] Undefined offset: 3 D:\Projects\cdd\System\Application\Home\Controller\IndexController.class.php 第 40 行.
NOTIC: [2] Invalid argument supplied for foreach() D:\Projects\cdd\System\Application\Home\Controller\IndexController.class.php 第 40 行.
SQL: SELECT * FROM `car_info` WHERE ( `user_id` IN () )  [ RunTime:0.037633s ]
ERR: 1064:You have an error in your SQL syntax; check the manual that corresponds to your MySQL server version for the right syntax to use near ') )' at line 1
 [ SQL语句 ] : SELECT * FROM `car_info` WHERE ( `user_id` IN () ) 
NOTIC: [8] Undefined offset: 0 D:\Projects\cdd\System\Application\Home\Controller\IndexController.class.php 第 48 行.
NOTIC: [2] Invalid argument supplied for foreach() D:\Projects\cdd\System\Application\Home\Controller\IndexController.class.php 第 48 行.
SQL: SELECT * FROM `car_info` WHERE ( `user_id` IN () )  [ RunTime:0.036873s ]
ERR: 1064:You have an error in your SQL syntax; check the manual that corresponds to your MySQL server version for the right syntax to use near ') )' at line 1
 [ SQL语句 ] : SELECT * FROM `car_info` WHERE ( `user_id` IN () ) 
NOTIC: [8] Undefined variable: client_time D:\Projects\cdd\System\Application\Home\Controller\IndexController.class.php 第 60 行.
NOTIC: [8] Undefined variable: car_time D:\Projects\cdd\System\Application\Home\Controller\IndexController.class.php 第 61 行.
INFO: [ view_parse ] --START--
INFO: [ template_filter ] --START--
INFO: Run Behavior\ContentReplaceBehavior [ RunTime:0.000104s ]
INFO: [ template_filter ] --END-- [ RunTime:0.000224s ]
NOTIC: [8] Undefined offset: 3 D:\Projects\cdd\System\Application\Runtime\Cache\Home\a8d862fa6b2a32ef77fba93d21f576d0.php 第 267 行.
NOTIC: [8] Undefined offset: 0 D:\Projects\cdd\System\Application\Runtime\Cache\Home\a8d862fa6b2a32ef77fba93d21f576d0.php 第 268 行.
NOTIC: [8] Undefined offset: 1 D:\Projects\cdd\System\Application\Runtime\Cache\Home\a8d862fa6b2a32ef77fba93d21f576d0.php 第 269 行.
NOTIC: [8] Undefined offset: 2 D:\Projects\cdd\System\Application\Runtime\Cache\Home\a8d862fa6b2a32ef77fba93d21f576d0.php 第 270 行.
INFO: Run Behavior\ParseTemplateBehavior [ RunTime:0.051625s ]
INFO: [ view_parse ] --END-- [ RunTime:0.051745s ]
INFO: [ view_filter ] --START--
INFO: Run Behavior\WriteHtmlCacheBehavior [ RunTime:0.000515s ]
INFO: Run Behavior\TokenBuildBehavior [ RunTime:0.000958s ]
INFO: [ view_filter ] --END-- [ RunTime:0.001641s ]
INFO: [ app_end ] --START--
INFO: Run Behavior\ShowPageTraceBehavior [ RunTime:0.000651s ]
INFO: [ app_end ] --END-- [ RunTime:0.000749s ]

[ 2018-07-02T10:01:27+08:00 ] 127.0.0.1 /fonts/fontawesome-webfont.woff2?v=4.4.0
INFO: [ app_init ] --START--
INFO: Run Behavior\BuildLiteBehavior [ RunTime:0.000043s ]
INFO: [ app_init ] --END-- [ RunTime:0.000742s ]
INFO: [ app_begin ] --START--
INFO: Run Behavior\ReadHtmlCacheBehavior [ RunTime:0.000625s ]
INFO: Run Behavior\CheckLangBehavior [ RunTime:0.001094s ]
INFO: [ app_begin ] --END-- [ RunTime:0.001893s ]
ERR: 无法加载控制器:Fonts

[ 2018-07-02T10:01:32+08:00 ] 127.0.0.1 /Broadcastimg/lists?v=4.0
INFO: [ app_init ] --START--
INFO: Run Behavior\BuildLiteBehavior [ RunTime:0.000039s ]
INFO: [ app_init ] --END-- [ RunTime:0.000740s ]
INFO: [ app_begin ] --START--
INFO: Run Behavior\ReadHtmlCacheBehavior [ RunTime:0.000644s ]
INFO: Run Behavior\CheckLangBehavior [ RunTime:0.001271s ]
INFO: [ app_begin ] --END-- [ RunTime:0.002120s ]
SQL: DESCRIBE broadcastimg [ RunTime:0.044513s ]
SQL: SELECT COUNT(*) AS tp_count FROM `broadcastimg` WHERE ( `status_delete` = 1 ) LIMIT 1   [ RunTime:0.045263s ]
SQL: SELECT * FROM `broadcastimg` WHERE ( `status_delete` = 1 ) ORDER BY id desc LIMIT 0,20   [ RunTime:0.047470s ]
INFO: [ view_parse ] --START--
INFO: [ template_filter ] --START--
INFO: Run Behavior\ContentReplaceBehavior [ RunTime:0.000073s ]
INFO: [ template_filter ] --END-- [ RunTime:0.000195s ]
INFO: Run Behavior\ParseTemplateBehavior [ RunTime:0.050771s ]
INFO: [ view_parse ] --END-- [ RunTime:0.050926s ]
INFO: [ view_filter ] --START--
INFO: Run Behavior\WriteHtmlCacheBehavior [ RunTime:0.000575s ]
INFO: Run Behavior\TokenBuildBehavior [ RunTime:0.000741s ]
INFO: [ view_filter ] --END-- [ RunTime:0.001483s ]
INFO: [ app_end ] --START--
INFO: Run Behavior\ShowPageTraceBehavior [ RunTime:0.000655s ]
INFO: [ app_end ] --END-- [ RunTime:0.000775s ]

[ 2018-07-02T10:01:32+08:00 ] 127.0.0.1 /fonts/glyphicons-halflings-regular.woff2
INFO: [ app_init ] --START--
INFO: Run Behavior\BuildLiteBehavior [ RunTime:0.000026s ]
INFO: [ app_init ] --END-- [ RunTime:0.000637s ]
INFO: [ app_begin ] --START--
INFO: Run Behavior\ReadHtmlCacheBehavior [ RunTime:0.000560s ]
INFO: Run Behavior\CheckLangBehavior [ RunTime:0.001198s ]
INFO: [ app_begin ] --END-- [ RunTime:0.001958s ]
ERR: 无法加载控制器:Fonts

[ 2018-07-02T10:01:40+08:00 ] 127.0.0.1 /Broadcastimg/adds
INFO: [ app_init ] --START--
INFO: Run Behavior\BuildLiteBehavior [ RunTime:0.000024s ]
INFO: [ app_init ] --END-- [ RunTime:0.000480s ]
INFO: [ app_begin ] --START--
INFO: Run Behavior\ReadHtmlCacheBehavior [ RunTime:0.000485s ]
INFO: Run Behavior\CheckLangBehavior [ RunTime:0.000976s ]
INFO: [ app_begin ] --END-- [ RunTime:0.001633s ]
SQL: DESCRIBE category [ RunTime:0.037360s ]
SQL: SELECT * FROM `category` WHERE ( `status_delete` = 1 ) AND ( `pid` = 0 )  [ RunTime:0.038715s ]
INFO: [ view_parse ] --START--
INFO: [ template_filter ] --START--
INFO: Run Behavior\ContentReplaceBehavior [ RunTime:0.000087s ]
INFO: [ template_filter ] --END-- [ RunTime:0.000196s ]
NOTIC: [8] Undefined variable: result D:\Projects\cdd\System\Application\Runtime\Cache\Home\7a18fb190db1bf3c2679885dc6d8fe3e.php 第 29 行.
INFO: Run Behavior\ParseTemplateBehavior [ RunTime:0.068440s ]
INFO: [ view_parse ] --END-- [ RunTime:0.068579s ]
INFO: [ view_filter ] --START--
INFO: Run Behavior\WriteHtmlCacheBehavior [ RunTime:0.000543s ]
INFO: Run Behavior\TokenBuildBehavior [ RunTime:0.000748s ]
INFO: [ view_filter ] --END-- [ RunTime:0.001454s ]
INFO: [ app_end ] --START--
INFO: Run Behavior\ShowPageTraceBehavior [ RunTime:0.000645s ]
INFO: [ app_end ] --END-- [ RunTime:0.000743s ]

[ 2018-07-02T10:01:48+08:00 ] 127.0.0.1 /Category/lists?v=4.0
INFO: [ app_init ] --START--
INFO: Run Behavior\BuildLiteBehavior [ RunTime:0.000024s ]
INFO: [ app_init ] --END-- [ RunTime:0.000497s ]
INFO: [ app_begin ] --START--
INFO: Run Behavior\ReadHtmlCacheBehavior [ RunTime:0.000900s ]
INFO: Run Behavior\CheckLangBehavior [ RunTime:0.002024s ]
INFO: [ app_begin ] --END-- [ RunTime:0.003174s ]
SQL: DESCRIBE category [ RunTime:0.040930s ]
SQL: SELECT COUNT(*) AS tp_count FROM `category` WHERE ( `status_delete` = 1 ) AND ( `pid` = 0 ) LIMIT 1   [ RunTime:0.045277s ]
SQL: SELECT * FROM `category` WHERE ( `status_delete` = 1 ) AND ( `pid` = 0 ) ORDER BY id desc LIMIT 0,20   [ RunTime:0.044228s ]
INFO: [ view_parse ] --START--
INFO: [ template_filter ] --START--
INFO: Run Behavior\ContentReplaceBehavior [ RunTime:0.000068s ]
INFO: [ template_filter ] --END-- [ RunTime:0.000174s ]
INFO: Run Behavior\ParseTemplateBehavior [ RunTime:0.041424s ]
INFO: [ view_parse ] --END-- [ RunTime:0.041581s ]
INFO: [ view_filter ] --START--
INFO: Run Behavior\WriteHtmlCacheBehavior [ RunTime:0.000539s ]
INFO: Run Behavior\TokenBuildBehavior [ RunTime:0.000828s ]
INFO: [ view_filter ] --END-- [ RunTime:0.001535s ]
INFO: [ app_end ] --START--
INFO: Run Behavior\ShowPageTraceBehavior [ RunTime:0.000629s ]
INFO: [ app_end ] --END-- [ RunTime:0.000727s ]

[ 2018-07-02T10:01:48+08:00 ] 127.0.0.1 /fonts/glyphicons-halflings-regular.woff2
INFO: [ app_init ] --START--
INFO: Run Behavior\BuildLiteBehavior [ RunTime:0.000025s ]
INFO: [ app_init ] --END-- [ RunTime:0.000506s ]
INFO: [ app_begin ] --START--
INFO: Run Behavior\ReadHtmlCacheBehavior [ RunTime:0.000870s ]
INFO: Run Behavior\CheckLangBehavior [ RunTime:0.001865s ]
INFO: [ app_begin ] --END-- [ RunTime:0.002977s ]
ERR: 无法加载控制器:Fonts

[ 2018-07-02T10:01:51+08:00 ] 127.0.0.1 /Category/raedit?id=5
INFO: [ app_init ] --START--
INFO: Run Behavior\BuildLiteBehavior [ RunTime:0.000023s ]
INFO: [ app_init ] --END-- [ RunTime:0.000464s ]
INFO: [ app_begin ] --START--
INFO: Run Behavior\ReadHtmlCacheBehavior [ RunTime:0.000473s ]
INFO: Run Behavior\CheckLangBehavior [ RunTime:0.000961s ]
INFO: [ app_begin ] --END-- [ RunTime:0.001603s ]
SQL: DESCRIBE category [ RunTime:0.044556s ]
SQL: SELECT * FROM `category` WHERE ( `id` = 5 ) LIMIT 1   [ RunTime:0.044827s ]
NOTIC: [8] Undefined index: content D:\Projects\cdd\System\Application\Home\Controller\CategoryController.class.php 第 79 行.
INFO: [ view_parse ] --START--
INFO: [ template_filter ] --START--
INFO: Run Behavior\ContentReplaceBehavior [ RunTime:0.000076s ]
INFO: [ template_filter ] --END-- [ RunTime:0.000188s ]
INFO: Run Behavior\ParseTemplateBehavior [ RunTime:0.042487s ]
INFO: [ view_parse ] --END-- [ RunTime:0.042661s ]
INFO: [ view_filter ] --START--
INFO: Run Behavior\WriteHtmlCacheBehavior [ RunTime:0.000538s ]
INFO: Run Behavior\TokenBuildBehavior [ RunTime:0.000765s ]
INFO: [ view_filter ] --END-- [ RunTime:0.001465s ]
INFO: [ app_end ] --START--
INFO: Run Behavior\ShowPageTraceBehavior [ RunTime:0.000642s ]
INFO: [ app_end ] --END-- [ RunTime:0.000744s ]

[ 2018-07-02T10:02:03+08:00 ] 127.0.0.1 /Commodity/lists?v=4.0
INFO: [ app_init ] --START--
INFO: Run Behavior\BuildLiteBehavior [ RunTime:0.000026s ]
INFO: [ app_init ] --END-- [ RunTime:0.000580s ]
INFO: [ app_begin ] --START--
INFO: Run Behavior\ReadHtmlCacheBehavior [ RunTime:0.000561s ]
INFO: Run Behavior\CheckLangBehavior [ RunTime:0.001025s ]
INFO: [ app_begin ] --END-- [ RunTime:0.001763s ]
SQL: DESCRIBE commodity [ RunTime:0.043181s ]
SQL: SELECT COUNT(*) AS tp_count FROM `commodity` WHERE ( `status_delete` = 1 ) LIMIT 1   [ RunTime:0.043193s ]
SQL: SELECT * FROM `commodity` WHERE ( `status_delete` = 1 ) ORDER BY id desc LIMIT 0,20   [ RunTime:0.044435s ]
SQL: DESCRIBE category [ RunTime:0.041992s ]
SQL: SELECT * FROM `category` WHERE ( `id` = 5 ) LIMIT 1   [ RunTime:0.043240s ]
SQL: SELECT * FROM `category` WHERE ( `id` = 1 ) LIMIT 1   [ RunTime:0.042713s ]
SQL: SELECT * FROM `category` WHERE ( `id` = 1 ) LIMIT 1   [ RunTime:0.043692s ]
SQL: SELECT * FROM `category` WHERE ( `id` = 1 ) LIMIT 1   [ RunTime:0.044046s ]
SQL: SELECT * FROM `category` WHERE ( `id` = 1 ) LIMIT 1   [ RunTime:0.042991s ]
SQL: SELECT * FROM `category` WHERE ( `id` = 1 ) LIMIT 1   [ RunTime:0.043153s ]
SQL: SELECT * FROM `category` WHERE ( `id` = 1 ) LIMIT 1   [ RunTime:0.043479s ]
SQL: SELECT * FROM `category` WHERE ( `id` = 1 ) LIMIT 1   [ RunTime:0.042473s ]
SQL: SELECT * FROM `category` WHERE ( `id` = 1 ) LIMIT 1   [ RunTime:0.043049s ]
SQL: SELECT * FROM `category` WHERE ( `id` = 1 ) LIMIT 1   [ RunTime:0.043094s ]
SQL: SELECT * FROM `category` WHERE ( `id` = 1 ) LIMIT 1   [ RunTime:0.043729s ]
SQL: SELECT * FROM `category` WHERE ( `id` = 1 ) LIMIT 1   [ RunTime:0.043461s ]
SQL: SELECT * FROM `category` WHERE ( `id` = 1 ) LIMIT 1   [ RunTime:0.043311s ]
SQL: SELECT * FROM `category` WHERE ( `id` = 2 ) LIMIT 1   [ RunTime:0.043509s ]
SQL: SELECT * FROM `category` WHERE ( `id` = 15 ) LIMIT 1   [ RunTime:0.038480s ]
SQL: SELECT * FROM `category` WHERE ( `id` = 5 ) LIMIT 1   [ RunTime:0.043083s ]
SQL: SELECT * FROM `category` WHERE ( `id` = 1 ) LIMIT 1   [ RunTime:0.043456s ]
SQL: SELECT * FROM `category` WHERE ( `id` = 6 ) LIMIT 1   [ RunTime:0.042967s ]
SQL: SELECT * FROM `category` WHERE ( `id` = 6 ) LIMIT 1   [ RunTime:0.043655s ]
SQL: SELECT * FROM `category` WHERE ( `id` = 13 ) LIMIT 1   [ RunTime:0.043343s ]
SQL: SELECT * FROM `category` WHERE ( `id` = 10 ) LIMIT 1   [ RunTime:0.041761s ]
SQL: SELECT * FROM `category` WHERE ( `id` = 10 ) LIMIT 1   [ RunTime:0.039795s ]
SQL: SELECT * FROM `category` WHERE ( `id` = 10 ) LIMIT 1   [ RunTime:0.041908s ]
SQL: SELECT * FROM `category` WHERE ( `id` = 7 ) LIMIT 1   [ RunTime:0.043025s ]
SQL: SELECT * FROM `category` WHERE ( `id` = 7 ) LIMIT 1   [ RunTime:0.043314s ]
SQL: SELECT * FROM `category` WHERE ( `id` = 7 ) LIMIT 1   [ RunTime:0.043490s ]
SQL: SELECT * FROM `category` WHERE ( `id` = 13 ) LIMIT 1   [ RunTime:0.043351s ]
SQL: SELECT * FROM `category` WHERE ( `id` = 9 ) LIMIT 1   [ RunTime:0.043190s ]
INFO: [ view_parse ] --START--
INFO: [ template_filter ] --START--
INFO: Run Behavior\ContentReplaceBehavior [ RunTime:0.000075s ]
INFO: [ template_filter ] --END-- [ RunTime:0.000180s ]
INFO: Run Behavior\ParseTemplateBehavior [ RunTime:0.068743s ]
INFO: [ view_parse ] --END-- [ RunTime:0.068891s ]
INFO: [ view_filter ] --START--
INFO: Run Behavior\WriteHtmlCacheBehavior [ RunTime:0.000552s ]
INFO: Run Behavior\TokenBuildBehavior [ RunTime:0.001392s ]
INFO: [ view_filter ] --END-- [ RunTime:0.002127s ]
INFO: [ app_end ] --START--
INFO: Run Behavior\ShowPageTraceBehavior [ RunTime:0.000765s ]
INFO: [ app_end ] --END-- [ RunTime:0.000917s ]

[ 2018-07-02T10:02:03+08:00 ] 127.0.0.1 /fonts/glyphicons-halflings-regular.woff2
INFO: [ app_init ] --START--
INFO: Run Behavior\BuildLiteBehavior [ RunTime:0.000025s ]
INFO: [ app_init ] --END-- [ RunTime:0.000559s ]
INFO: [ app_begin ] --START--
INFO: Run Behavior\ReadHtmlCacheBehavior [ RunTime:0.000781s ]
INFO: Run Behavior\CheckLangBehavior [ RunTime:0.001644s ]
INFO: [ app_begin ] --END-- [ RunTime:0.002729s ]
ERR: 无法加载控制器:Fonts

[ 2018-07-02T10:02:05+08:00 ] 127.0.0.1 /Commodity/raedit?id=14
INFO: [ app_init ] --START--
INFO: Run Behavior\BuildLiteBehavior [ RunTime:0.000022s ]
INFO: [ app_init ] --END-- [ RunTime:0.000464s ]
INFO: [ app_begin ] --START--
INFO: Run Behavior\ReadHtmlCacheBehavior [ RunTime:0.000480s ]
INFO: Run Behavior\CheckLangBehavior [ RunTime:0.001062s ]
INFO: [ app_begin ] --END-- [ RunTime:0.001712s ]
SQL: DESCRIBE category [ RunTime:0.033296s ]
SQL: SELECT * FROM `category` WHERE ( `status_delete` = 1 ) AND ( `pid` = 0 )  [ RunTime:0.031844s ]
SQL: DESCRIBE commodity [ RunTime:0.033833s ]
SQL: SELECT * FROM `commodity` WHERE ( `id` = 14 ) LIMIT 1   [ RunTime:0.033635s ]
NOTIC: [8] Undefined index: content D:\Projects\cdd\System\Application\Home\Controller\CommodityController.class.php 第 77 行.
INFO: [ view_parse ] --START--
INFO: [ template_filter ] --START--
INFO: Run Behavior\ContentReplaceBehavior [ RunTime:0.000111s ]
INFO: [ template_filter ] --END-- [ RunTime:0.000218s ]
INFO: Run Behavior\ParseTemplateBehavior [ RunTime:0.081544s ]
INFO: [ view_parse ] --END-- [ RunTime:0.081688s ]
INFO: [ view_filter ] --START--
INFO: Run Behavior\WriteHtmlCacheBehavior [ RunTime:0.000520s ]
INFO: Run Behavior\TokenBuildBehavior [ RunTime:0.000912s ]
INFO: [ view_filter ] --END-- [ RunTime:0.001620s ]
INFO: [ app_end ] --START--
INFO: Run Behavior\ShowPageTraceBehavior [ RunTime:0.001144s ]
INFO: [ app_end ] --END-- [ RunTime:0.001340s ]

[ 2018-07-02T10:02:13+08:00 ] 127.0.0.1 /Category/get_do
INFO: [ app_init ] --START--
INFO: Run Behavior\BuildLiteBehavior [ RunTime:0.000023s ]
INFO: [ app_init ] --END-- [ RunTime:0.000478s ]
INFO: [ app_begin ] --START--
INFO: Run Behavior\ReadHtmlCacheBehavior [ RunTime:0.000479s ]
INFO: Run Behavior\CheckLangBehavior [ RunTime:0.000971s ]
INFO: [ app_begin ] --END-- [ RunTime:0.001624s ]
SQL: DESCRIBE category [ RunTime:0.033287s ]
SQL: SELECT * FROM `category` WHERE ( `status_delete` = 1 ) AND ( `pid` = 1 )  [ RunTime:0.034968s ]

[ 2018-07-02T10:03:29+08:00 ] 127.0.0.1 /Commodity/lists
INFO: [ app_init ] --START--
INFO: Run Behavior\BuildLiteBehavior [ RunTime:0.000024s ]
INFO: [ app_init ] --END-- [ RunTime:0.000544s ]
INFO: [ app_begin ] --START--
INFO: Run Behavior\ReadHtmlCacheBehavior [ RunTime:0.000644s ]
INFO: Run Behavior\CheckLangBehavior [ RunTime:0.001290s ]
INFO: [ app_begin ] --END-- [ RunTime:0.002136s ]
NOTIC: [2] extract() expects parameter 1 to be array, null given D:\Projects\cdd\System\Application\Home\Controller\CommodityController.class.php 第 24 行.
SQL: DESCRIBE commodity [ RunTime:0.042469s ]
NOTIC: [2] extract() expects parameter 1 to be array, null given D:\Projects\cdd\System\Application\Home\Model\CommodityModel.class.php 第 40 行.
SQL: SELECT COUNT(*) AS tp_count FROM `commodity` WHERE ( `status_delete` = 1 ) LIMIT 1   [ RunTime:0.042330s ]
SQL: SELECT * FROM `commodity` WHERE ( `status_delete` = 1 ) ORDER BY id desc LIMIT 0,20   [ RunTime:0.045448s ]
SQL: DESCRIBE category [ RunTime:0.041610s ]
SQL: SELECT * FROM `category` WHERE ( `id` = 5 ) LIMIT 1   [ RunTime:0.042682s ]
SQL: SELECT * FROM `category` WHERE ( `id` = 1 ) LIMIT 1   [ RunTime:0.042183s ]
SQL: SELECT * FROM `category` WHERE ( `id` = 1 ) LIMIT 1   [ RunTime:0.042812s ]
SQL: SELECT * FROM `category` WHERE ( `id` = 1 ) LIMIT 1   [ RunTime:0.042352s ]
SQL: SELECT * FROM `category` WHERE ( `id` = 1 ) LIMIT 1   [ RunTime:0.038147s ]
SQL: SELECT * FROM `category` WHERE ( `id` = 1 ) LIMIT 1   [ RunTime:0.043048s ]
SQL: SELECT * FROM `category` WHERE ( `id` = 1 ) LIMIT 1   [ RunTime:0.042952s ]
SQL: SELECT * FROM `category` WHERE ( `id` = 1 ) LIMIT 1   [ RunTime:0.042090s ]
SQL: SELECT * FROM `category` WHERE ( `id` = 1 ) LIMIT 1   [ RunTime:0.038194s ]
SQL: SELECT * FROM `category` WHERE ( `id` = 1 ) LIMIT 1   [ RunTime:0.042795s ]
SQL: SELECT * FROM `category` WHERE ( `id` = 1 ) LIMIT 1   [ RunTime:0.039596s ]
SQL: SELECT * FROM `category` WHERE ( `id` = 1 ) LIMIT 1   [ RunTime:0.038532s ]
SQL: SELECT * FROM `category` WHERE ( `id` = 1 ) LIMIT 1   [ RunTime:0.040075s ]
SQL: SELECT * FROM `category` WHERE ( `id` = 2 ) LIMIT 1   [ RunTime:0.041810s ]
SQL: SELECT * FROM `category` WHERE ( `id` = 15 ) LIMIT 1   [ RunTime:0.042953s ]
SQL: SELECT * FROM `category` WHERE ( `id` = 5 ) LIMIT 1   [ RunTime:0.041984s ]
SQL: SELECT * FROM `category` WHERE ( `id` = 1 ) LIMIT 1   [ RunTime:0.043198s ]
SQL: SELECT * FROM `category` WHERE ( `id` = 6 ) LIMIT 1   [ RunTime:0.043771s ]
SQL: SELECT * FROM `category` WHERE ( `id` = 6 ) LIMIT 1   [ RunTime:0.043157s ]
SQL: SELECT * FROM `category` WHERE ( `id` = 13 ) LIMIT 1   [ RunTime:0.041852s ]
SQL: SELECT * FROM `category` WHERE ( `id` = 10 ) LIMIT 1   [ RunTime:0.041531s ]
SQL: SELECT * FROM `category` WHERE ( `id` = 10 ) LIMIT 1   [ RunTime:0.041713s ]
SQL: SELECT * FROM `category` WHERE ( `id` = 10 ) LIMIT 1   [ RunTime:0.043335s ]
SQL: SELECT * FROM `category` WHERE ( `id` = 7 ) LIMIT 1   [ RunTime:0.041643s ]
SQL: SELECT * FROM `category` WHERE ( `id` = 7 ) LIMIT 1   [ RunTime:0.041580s ]
SQL: SELECT * FROM `category` WHERE ( `id` = 7 ) LIMIT 1   [ RunTime:0.041490s ]
SQL: SELECT * FROM `category` WHERE ( `id` = 13 ) LIMIT 1   [ RunTime:0.041637s ]
SQL: SELECT * FROM `category` WHERE ( `id` = 9 ) LIMIT 1   [ RunTime:0.041745s ]
INFO: [ view_parse ] --START--
INFO: [ template_filter ] --START--
INFO: Run Behavior\ContentReplaceBehavior [ RunTime:0.000076s ]
INFO: [ template_filter ] --END-- [ RunTime:0.000183s ]
INFO: Run Behavior\ParseTemplateBehavior [ RunTime:0.035057s ]
INFO: [ view_parse ] --END-- [ RunTime:0.035194s ]
INFO: [ view_filter ] --START--
INFO: Run Behavior\WriteHtmlCacheBehavior [ RunTime:0.000583s ]
INFO: Run Behavior\TokenBuildBehavior [ RunTime:0.002023s ]
INFO: [ view_filter ] --END-- [ RunTime:0.002873s ]
INFO: [ app_end ] --START--
INFO: Run Behavior\ShowPageTraceBehavior [ RunTime:0.000752s ]
INFO: [ app_end ] --END-- [ RunTime:0.000877s ]

[ 2018-07-02T10:03:30+08:00 ] 127.0.0.1 /fonts/glyphicons-halflings-regular.woff2
INFO: [ app_init ] --START--
INFO: Run Behavior\BuildLiteBehavior [ RunTime:0.000040s ]
INFO: [ app_init ] --END-- [ RunTime:0.000657s ]
INFO: [ app_begin ] --START--
INFO: Run Behavior\ReadHtmlCacheBehavior [ RunTime:0.000794s ]
INFO: Run Behavior\CheckLangBehavior [ RunTime:0.001560s ]
INFO: [ app_begin ] --END-- [ RunTime:0.002656s ]
ERR: 无法加载控制器:Fonts

[ 2018-07-02T10:03:36+08:00 ] 127.0.0.1 /Commodity/adds
INFO: [ app_init ] --START--
INFO: Run Behavior\BuildLiteBehavior [ RunTime:0.000022s ]
INFO: [ app_init ] --END-- [ RunTime:0.000463s ]
INFO: [ app_begin ] --START--
INFO: Run Behavior\ReadHtmlCacheBehavior [ RunTime:0.000507s ]
INFO: Run Behavior\CheckLangBehavior [ RunTime:0.001004s ]
INFO: [ app_begin ] --END-- [ RunTime:0.001689s ]
SQL: DESCRIBE category [ RunTime:0.043059s ]
SQL: SELECT * FROM `category` WHERE ( `status_delete` = 1 ) AND ( `pid` = 0 )  [ RunTime:0.046078s ]
INFO: [ view_parse ] --START--
INFO: [ template_filter ] --START--
INFO: Run Behavior\ContentReplaceBehavior [ RunTime:0.000100s ]
INFO: [ template_filter ] --END-- [ RunTime:0.000208s ]
INFO: Run Behavior\ParseTemplateBehavior [ RunTime:0.070498s ]
INFO: [ view_parse ] --END-- [ RunTime:0.070679s ]
INFO: [ view_filter ] --START--
INFO: Run Behavior\WriteHtmlCacheBehavior [ RunTime:0.000630s ]
INFO: Run Behavior\TokenBuildBehavior [ RunTime:0.000867s ]
INFO: [ view_filter ] --END-- [ RunTime:0.001695s ]
INFO: [ app_end ] --START--
INFO: Run Behavior\ShowPageTraceBehavior [ RunTime:0.000724s ]
INFO: [ app_end ] --END-- [ RunTime:0.000862s ]

[ 2018-07-02T10:03:38+08:00 ] 127.0.0.1 /Commodity/raedit?id=14
INFO: [ app_init ] --START--
INFO: Run Behavior\BuildLiteBehavior [ RunTime:0.000023s ]
INFO: [ app_init ] --END-- [ RunTime:0.000480s ]
INFO: [ app_begin ] --START--
INFO: Run Behavior\ReadHtmlCacheBehavior [ RunTime:0.000876s ]
INFO: Run Behavior\CheckLangBehavior [ RunTime:0.001244s ]
INFO: [ app_begin ] --END-- [ RunTime:0.002400s ]
SQL: DESCRIBE category [ RunTime:0.037474s ]
SQL: SELECT * FROM `category` WHERE ( `status_delete` = 1 ) AND ( `pid` = 0 )  [ RunTime:0.038802s ]
SQL: DESCRIBE commodity [ RunTime:0.037881s ]
SQL: SELECT * FROM `commodity` WHERE ( `id` = 14 ) LIMIT 1   [ RunTime:0.037450s ]
NOTIC: [8] Undefined index: content D:\Projects\cdd\System\Application\Home\Controller\CommodityController.class.php 第 77 行.
INFO: [ view_parse ] --START--
INFO: [ template_filter ] --START--
INFO: Run Behavior\ContentReplaceBehavior [ RunTime:0.000113s ]
INFO: [ template_filter ] --END-- [ RunTime:0.000227s ]
INFO: Run Behavior\ParseTemplateBehavior [ RunTime:0.042425s ]
INFO: [ view_parse ] --END-- [ RunTime:0.042607s ]
INFO: [ view_filter ] --START--
INFO: Run Behavior\WriteHtmlCacheBehavior [ RunTime:0.000772s ]
INFO: Run Behavior\TokenBuildBehavior [ RunTime:0.001164s ]
INFO: [ view_filter ] --END-- [ RunTime:0.002190s ]
INFO: [ app_end ] --START--
INFO: Run Behavior\ShowPageTraceBehavior [ RunTime:0.000717s ]
INFO: [ app_end ] --END-- [ RunTime:0.000829s ]

[ 2018-07-02T10:12:13+08:00 ] 127.0.0.1 /Broadcastimg/lists
INFO: [ app_init ] --START--
INFO: Run Behavior\BuildLiteBehavior [ RunTime:0.000044s ]
INFO: [ app_init ] --END-- [ RunTime:0.001106s ]
INFO: [ app_begin ] --START--
INFO: Run Behavior\ReadHtmlCacheBehavior [ RunTime:0.000580s ]
INFO: Run Behavior\CheckLangBehavior [ RunTime:0.001028s ]
INFO: [ app_begin ] --END-- [ RunTime:0.001780s ]
NOTIC: [2] extract() expects parameter 1 to be array, null given D:\Projects\cdd\System\Application\Home\Controller\BroadcastimgController.class.php 第 25 行.
SQL: DESCRIBE broadcastimg [ RunTime:0.038603s ]
NOTIC: [2] extract() expects parameter 1 to be array, null given D:\Projects\cdd\System\Application\Home\Model\BroadcastimgModel.class.php 第 40 行.
SQL: SELECT COUNT(*) AS tp_count FROM `broadcastimg` WHERE ( `status_delete` = 1 ) LIMIT 1   [ RunTime:0.039100s ]
SQL: SELECT * FROM `broadcastimg` WHERE ( `status_delete` = 1 ) ORDER BY id desc LIMIT 0,20   [ RunTime:0.038795s ]
INFO: [ view_parse ] --START--
INFO: [ template_filter ] --START--
INFO: Run Behavior\ContentReplaceBehavior [ RunTime:0.000078s ]
INFO: [ template_filter ] --END-- [ RunTime:0.000187s ]
INFO: Run Behavior\ParseTemplateBehavior [ RunTime:0.011341s ]
INFO: [ view_parse ] --END-- [ RunTime:0.011500s ]
INFO: [ view_filter ] --START--
INFO: Run Behavior\WriteHtmlCacheBehavior [ RunTime:0.000538s ]
INFO: Run Behavior\TokenBuildBehavior [ RunTime:0.000706s ]
INFO: [ view_filter ] --END-- [ RunTime:0.001412s ]
INFO: [ app_end ] --START--
INFO: Run Behavior\ShowPageTraceBehavior [ RunTime:0.000619s ]
INFO: [ app_end ] --END-- [ RunTime:0.000722s ]

[ 2018-07-02T10:12:14+08:00 ] 127.0.0.1 /fonts/glyphicons-halflings-regular.woff2
INFO: [ app_init ] --START--
INFO: Run Behavior\BuildLiteBehavior [ RunTime:0.000022s ]
INFO: [ app_init ] --END-- [ RunTime:0.000463s ]
INFO: [ app_begin ] --START--
INFO: Run Behavior\ReadHtmlCacheBehavior [ RunTime:0.000537s ]
INFO: Run Behavior\CheckLangBehavior [ RunTime:0.001006s ]
INFO: [ app_begin ] --END-- [ RunTime:0.001721s ]
ERR: 无法加载控制器:Fonts

[ 2018-07-02T10:12:16+08:00 ] 127.0.0.1 /Broadcastimg/adds
INFO: [ app_init ] --START--
INFO: Run Behavior\BuildLiteBehavior [ RunTime:0.000023s ]
INFO: [ app_init ] --END-- [ RunTime:0.000486s ]
INFO: [ app_begin ] --START--
INFO: Run Behavior\ReadHtmlCacheBehavior [ RunTime:0.000492s ]
INFO: Run Behavior\CheckLangBehavior [ RunTime:0.000982s ]
INFO: [ app_begin ] --END-- [ RunTime:0.001645s ]
SQL: DESCRIBE category [ RunTime:0.035290s ]
SQL: SELECT * FROM `category` WHERE ( `status_delete` = 1 ) AND ( `pid` = 0 )  [ RunTime:0.037767s ]
INFO: [ view_parse ] --START--
INFO: [ template_filter ] --START--
INFO: Run Behavior\ContentReplaceBehavior [ RunTime:0.000080s ]
INFO: [ template_filter ] --END-- [ RunTime:0.000189s ]
NOTIC: [8] Undefined variable: result D:\Projects\cdd\System\Application\Runtime\Cache\Home\7a18fb190db1bf3c2679885dc6d8fe3e.php 第 29 行.
INFO: Run Behavior\ParseTemplateBehavior [ RunTime:0.011996s ]
INFO: [ view_parse ] --END-- [ RunTime:0.012128s ]
INFO: [ view_filter ] --START--
INFO: Run Behavior\WriteHtmlCacheBehavior [ RunTime:0.000533s ]
INFO: Run Behavior\TokenBuildBehavior [ RunTime:0.000724s ]
INFO: [ view_filter ] --END-- [ RunTime:0.001420s ]
INFO: [ app_end ] --START--
INFO: Run Behavior\ShowPageTraceBehavior [ RunTime:0.000642s ]
INFO: [ app_end ] --END-- [ RunTime:0.000740s ]

[ 2018-07-02T10:16:11+08:00 ] 127.0.0.1 /Broadcastimg/raedit?id=2
INFO: [ app_init ] --START--
INFO: Run Behavior\BuildLiteBehavior [ RunTime:0.000022s ]
INFO: [ app_init ] --END-- [ RunTime:0.000463s ]
INFO: [ app_begin ] --START--
INFO: Run Behavior\ReadHtmlCacheBehavior [ RunTime:0.000508s ]
INFO: Run Behavior\CheckLangBehavior [ RunTime:0.001004s ]
INFO: [ app_begin ] --END-- [ RunTime:0.001697s ]
SQL: DESCRIBE category [ RunTime:0.037620s ]
SQL: SELECT * FROM `category` WHERE ( `status_delete` = 1 ) AND ( `pid` = 0 )  [ RunTime:0.042963s ]
SQL: DESCRIBE broadcastimg [ RunTime:0.034551s ]
SQL: SELECT * FROM `broadcastimg` WHERE ( `id` = 2 ) LIMIT 1   [ RunTime:0.038354s ]
INFO: [ view_parse ] --START--
INFO: [ template_filter ] --START--
INFO: Run Behavior\ContentReplaceBehavior [ RunTime:0.000085s ]
INFO: [ template_filter ] --END-- [ RunTime:0.000198s ]
INFO: Run Behavior\ParseTemplateBehavior [ RunTime:0.051244s ]
INFO: [ view_parse ] --END-- [ RunTime:0.051420s ]
INFO: [ view_filter ] --START--
INFO: Run Behavior\WriteHtmlCacheBehavior [ RunTime:0.000630s ]
INFO: Run Behavior\TokenBuildBehavior [ RunTime:0.000966s ]
INFO: [ view_filter ] --END-- [ RunTime:0.001804s ]
INFO: [ app_end ] --START--
INFO: Run Behavior\ShowPageTraceBehavior [ RunTime:0.000788s ]
INFO: [ app_end ] --END-- [ RunTime:0.000894s ]

[ 2018-07-02T10:16:15+08:00 ] 127.0.0.1 /Category/lists
INFO: [ app_init ] --START--
INFO: Run Behavior\BuildLiteBehavior [ RunTime:0.000023s ]
INFO: [ app_init ] --END-- [ RunTime:0.000483s ]
INFO: [ app_begin ] --START--
INFO: Run Behavior\ReadHtmlCacheBehavior [ RunTime:0.000472s ]
INFO: Run Behavior\CheckLangBehavior [ RunTime:0.000961s ]
INFO: [ app_begin ] --END-- [ RunTime:0.001602s ]
NOTIC: [2] extract() expects parameter 1 to be array, null given D:\Projects\cdd\System\Application\Home\Controller\CategoryController.class.php 第 37 行.
SQL: DESCRIBE category [ RunTime:0.037154s ]
NOTIC: [2] extract() expects parameter 1 to be array, null given D:\Projects\cdd\System\Application\Home\Model\CategoryModel.class.php 第 51 行.
SQL: SELECT COUNT(*) AS tp_count FROM `category` WHERE ( `status_delete` = 1 ) AND ( `pid` = 0 ) LIMIT 1   [ RunTime:0.068642s ]
SQL: SELECT * FROM `category` WHERE ( `status_delete` = 1 ) AND ( `pid` = 0 ) ORDER BY id desc LIMIT 0,20   [ RunTime:0.073575s ]
INFO: [ view_parse ] --START--
INFO: [ template_filter ] --START--
INFO: Run Behavior\ContentReplaceBehavior [ RunTime:0.000069s ]
INFO: [ template_filter ] --END-- [ RunTime:0.000171s ]
INFO: Run Behavior\ParseTemplateBehavior [ RunTime:0.010425s ]
INFO: [ view_parse ] --END-- [ RunTime:0.010575s ]
INFO: [ view_filter ] --START--
INFO: Run Behavior\WriteHtmlCacheBehavior [ RunTime:0.000542s ]
INFO: Run Behavior\TokenBuildBehavior [ RunTime:0.000871s ]
INFO: [ view_filter ] --END-- [ RunTime:0.001588s ]
INFO: [ app_end ] --START--
INFO: Run Behavior\ShowPageTraceBehavior [ RunTime:0.000665s ]
INFO: [ app_end ] --END-- [ RunTime:0.000765s ]

[ 2018-07-02T10:16:15+08:00 ] 127.0.0.1 /fonts/glyphicons-halflings-regular.woff2
INFO: [ app_init ] --START--
INFO: Run Behavior\BuildLiteBehavior [ RunTime:0.000025s ]
INFO: [ app_init ] --END-- [ RunTime:0.000725s ]
INFO: [ app_begin ] --START--
INFO: Run Behavior\ReadHtmlCacheBehavior [ RunTime:0.000483s ]
INFO: Run Behavior\CheckLangBehavior [ RunTime:0.000970s ]
INFO: [ app_begin ] --END-- [ RunTime:0.001625s ]
ERR: 无法加载控制器:Fonts

[ 2018-07-02T10:17:03+08:00 ] 127.0.0.1 /Broadcastimg/lists
INFO: [ app_init ] --START--
INFO: Run Behavior\BuildLiteBehavior [ RunTime:0.000025s ]
INFO: [ app_init ] --END-- [ RunTime:0.000519s ]
INFO: [ app_begin ] --START--
INFO: Run Behavior\ReadHtmlCacheBehavior [ RunTime:0.000732s ]
INFO: Run Behavior\CheckLangBehavior [ RunTime:0.001515s ]
INFO: [ app_begin ] --END-- [ RunTime:0.002547s ]
NOTIC: [2] extract() expects parameter 1 to be array, null given D:\Projects\cdd\System\Application\Home\Controller\BroadcastimgController.class.php 第 25 行.
SQL: DESCRIBE broadcastimg [ RunTime:0.041330s ]
NOTIC: [2] extract() expects parameter 1 to be array, null given D:\Projects\cdd\System\Application\Home\Model\BroadcastimgModel.class.php 第 40 行.
SQL: SELECT COUNT(*) AS tp_count FROM `broadcastimg` WHERE ( `status_delete` = 1 ) LIMIT 1   [ RunTime:0.039844s ]
SQL: SELECT * FROM `broadcastimg` WHERE ( `status_delete` = 1 ) ORDER BY id desc LIMIT 0,20   [ RunTime:0.034810s ]
INFO: [ view_parse ] --START--
INFO: [ template_filter ] --START--
INFO: Run Behavior\ContentReplaceBehavior [ RunTime:0.000073s ]
INFO: [ template_filter ] --END-- [ RunTime:0.000185s ]
INFO: Run Behavior\ParseTemplateBehavior [ RunTime:0.011285s ]
INFO: [ view_parse ] --END-- [ RunTime:0.011454s ]
INFO: [ view_filter ] --START--
INFO: Run Behavior\WriteHtmlCacheBehavior [ RunTime:0.000752s ]
INFO: Run Behavior\TokenBuildBehavior [ RunTime:0.001262s ]
INFO: [ view_filter ] --END-- [ RunTime:0.002307s ]
INFO: [ app_end ] --START--
INFO: Run Behavior\ShowPageTraceBehavior [ RunTime:0.001330s ]
INFO: [ app_end ] --END-- [ RunTime:0.001550s ]

[ 2018-07-02T10:17:03+08:00 ] 127.0.0.1 /fonts/glyphicons-halflings-regular.woff2
INFO: [ app_init ] --START--
INFO: Run Behavior\BuildLiteBehavior [ RunTime:0.000044s ]
INFO: [ app_init ] --END-- [ RunTime:0.000962s ]
INFO: [ app_begin ] --START--
INFO: Run Behavior\ReadHtmlCacheBehavior [ RunTime:0.000562s ]
INFO: Run Behavior\CheckLangBehavior [ RunTime:0.001099s ]
INFO: [ app_begin ] --END-- [ RunTime:0.001858s ]
ERR: 无法加载控制器:Fonts

[ 2018-07-02T10:18:23+08:00 ] 127.0.0.1 /Broadcastimg/lists
INFO: [ app_init ] --START--
INFO: Run Behavior\BuildLiteBehavior [ RunTime:0.000026s ]
INFO: [ app_init ] --END-- [ RunTime:0.000578s ]
INFO: [ app_begin ] --START--
INFO: Run Behavior\ReadHtmlCacheBehavior [ RunTime:0.000564s ]
INFO: Run Behavior\CheckLangBehavior [ RunTime:0.001048s ]
INFO: [ app_begin ] --END-- [ RunTime:0.001774s ]
NOTIC: [2] extract() expects parameter 1 to be array, null given D:\Projects\cdd\System\Application\Home\Controller\BroadcastimgController.class.php 第 25 行.
SQL: DESCRIBE broadcastimg [ RunTime:0.089944s ]
NOTIC: [2] extract() expects parameter 1 to be array, null given D:\Projects\cdd\System\Application\Home\Model\BroadcastimgModel.class.php 第 40 行.
SQL: SELECT COUNT(*) AS tp_count FROM `broadcastimg` WHERE ( `status_delete` = 1 ) LIMIT 1   [ RunTime:0.057719s ]
SQL: SELECT * FROM `broadcastimg` WHERE ( `status_delete` = 1 ) ORDER BY id desc LIMIT 0,20   [ RunTime:0.049396s ]
INFO: [ view_parse ] --START--
INFO: [ template_filter ] --START--
INFO: Run Behavior\ContentReplaceBehavior [ RunTime:0.000072s ]
INFO: [ template_filter ] --END-- [ RunTime:0.000176s ]
INFO: Run Behavior\ParseTemplateBehavior [ RunTime:0.035855s ]
INFO: [ view_parse ] --END-- [ RunTime:0.036011s ]
INFO: [ view_filter ] --START--
INFO: Run Behavior\WriteHtmlCacheBehavior [ RunTime:0.000504s ]
INFO: Run Behavior\TokenBuildBehavior [ RunTime:0.000746s ]
INFO: [ view_filter ] --END-- [ RunTime:0.001425s ]
INFO: [ app_end ] --START--
INFO: Run Behavior\ShowPageTraceBehavior [ RunTime:0.000641s ]
INFO: [ app_end ] --END-- [ RunTime:0.000739s ]

[ 2018-07-02T10:18:23+08:00 ] 127.0.0.1 /fonts/glyphicons-halflings-regular.woff2
INFO: [ app_init ] --START--
INFO: Run Behavior\BuildLiteBehavior [ RunTime:0.000023s ]
INFO: [ app_init ] --END-- [ RunTime:0.000476s ]
INFO: [ app_begin ] --START--
INFO: Run Behavior\ReadHtmlCacheBehavior [ RunTime:0.000527s ]
INFO: Run Behavior\CheckLangBehavior [ RunTime:0.000973s ]
INFO: [ app_begin ] --END-- [ RunTime:0.001672s ]
ERR: 无法加载控制器:Fonts

[ 2018-07-02T10:18:43+08:00 ] 127.0.0.1 /Broadcastimg/adds
INFO: [ app_init ] --START--
INFO: Run Behavior\BuildLiteBehavior [ RunTime:0.000023s ]
INFO: [ app_init ] --END-- [ RunTime:0.001016s ]
INFO: [ app_begin ] --START--
INFO: Run Behavior\ReadHtmlCacheBehavior [ RunTime:0.000473s ]
INFO: Run Behavior\CheckLangBehavior [ RunTime:0.000965s ]
INFO: [ app_begin ] --END-- [ RunTime:0.001606s ]
SQL: DESCRIBE category [ RunTime:0.029553s ]
SQL: SELECT * FROM `category` WHERE ( `status_delete` = 1 ) AND ( `pid` = 0 )  [ RunTime:0.030872s ]
INFO: [ view_parse ] --START--
INFO: [ template_filter ] --START--
INFO: Run Behavior\ContentReplaceBehavior [ RunTime:0.000086s ]
INFO: [ template_filter ] --END-- [ RunTime:0.000197s ]
NOTIC: [8] Undefined variable: result D:\Projects\cdd\System\Application\Runtime\Cache\Home\7a18fb190db1bf3c2679885dc6d8fe3e.php 第 29 行.
INFO: Run Behavior\ParseTemplateBehavior [ RunTime:0.011851s ]
INFO: [ view_parse ] --END-- [ RunTime:0.011987s ]
INFO: [ view_filter ] --START--
INFO: Run Behavior\WriteHtmlCacheBehavior [ RunTime:0.000545s ]
INFO: Run Behavior\TokenBuildBehavior [ RunTime:0.000769s ]
INFO: [ view_filter ] --END-- [ RunTime:0.001478s ]
INFO: [ app_end ] --START--
INFO: Run Behavior\ShowPageTraceBehavior [ RunTime:0.000645s ]
INFO: [ app_end ] --END-- [ RunTime:0.000744s ]

[ 2018-07-02T10:19:08+08:00 ] 127.0.0.1 /Commodity/upload_do
INFO: [ app_init ] --START--
INFO: Run Behavior\BuildLiteBehavior [ RunTime:0.000021s ]
INFO: [ app_init ] --END-- [ RunTime:0.000474s ]
INFO: [ app_begin ] --START--
INFO: Run Behavior\ReadHtmlCacheBehavior [ RunTime:0.000475s ]
INFO: Run Behavior\CheckLangBehavior [ RunTime:0.000985s ]
INFO: [ app_begin ] --END-- [ RunTime:0.001632s ]
NOTIC: [8] Undefined variable: fileName D:\Projects\cdd\System\Application\Home\Controller\CommodityController.class.php 第 186 行.
NOTIC: [2] file(md5list.txt): failed to open stream: No such file or directory D:\Projects\cdd\System\Application\Home\Controller\CommodityController.class.php 第 255 行.

[ 2018-07-02T10:19:08+08:00 ] 127.0.0.1 /Commodity/upload_do
INFO: [ app_init ] --START--
INFO: Run Behavior\BuildLiteBehavior [ RunTime:0.000023s ]
INFO: [ app_init ] --END-- [ RunTime:0.000545s ]
INFO: [ app_begin ] --START--
INFO: Run Behavior\ReadHtmlCacheBehavior [ RunTime:0.000587s ]
INFO: Run Behavior\CheckLangBehavior [ RunTime:0.001095s ]
INFO: [ app_begin ] --END-- [ RunTime:0.001864s ]
NOTIC: [8] Undefined variable: fileName D:\Projects\cdd\System\Application\Home\Controller\CommodityController.class.php 第 186 行.
NOTIC: [2] file(md5list.txt): failed to open stream: No such file or directory D:\Projects\cdd\System\Application\Home\Controller\CommodityController.class.php 第 255 行.

[ 2018-07-02T10:19:11+08:00 ] 127.0.0.1 /Broadcastimg/adds_do
INFO: [ app_init ] --START--
INFO: Run Behavior\BuildLiteBehavior [ RunTime:0.000022s ]
INFO: [ app_init ] --END-- [ RunTime:0.000499s ]
INFO: [ app_begin ] --START--
INFO: Run Behavior\ReadHtmlCacheBehavior [ RunTime:0.000582s ]
INFO: Run Behavior\CheckLangBehavior [ RunTime:0.001026s ]
INFO: [ app_begin ] --END-- [ RunTime:0.001787s ]
SQL: DESCRIBE broadcastimg [ RunTime:0.040367s ]
SQL: INSERT INTO `broadcastimg` (`img`,`url`,`class`,`status_delete`,`create_time`,`modify_time`) VALUES ('[\"\\/Uploads\\/Tmps\\/2018\\/07\\/02\\/5b398b9c10f28.png\"]','空',0,1,1530497951,1530497951) [ RunTime:0.042494s ]

[ 2018-07-02T10:19:12+08:00 ] 127.0.0.1 /Broadcastimg/lists
INFO: [ app_init ] --START--
INFO: Run Behavior\BuildLiteBehavior [ RunTime:0.000023s ]
INFO: [ app_init ] --END-- [ RunTime:0.000470s ]
INFO: [ app_begin ] --START--
INFO: Run Behavior\ReadHtmlCacheBehavior [ RunTime:0.000495s ]
INFO: Run Behavior\CheckLangBehavior [ RunTime:0.000838s ]
INFO: [ app_begin ] --END-- [ RunTime:0.001500s ]
NOTIC: [2] extract() expects parameter 1 to be array, null given D:\Projects\cdd\System\Application\Home\Controller\BroadcastimgController.class.php 第 25 行.
SQL: DESCRIBE broadcastimg [ RunTime:0.056859s ]
NOTIC: [2] extract() expects parameter 1 to be array, null given D:\Projects\cdd\System\Application\Home\Model\BroadcastimgModel.class.php 第 40 行.
SQL: SELECT COUNT(*) AS tp_count FROM `broadcastimg` WHERE ( `status_delete` = 1 ) LIMIT 1   [ RunTime:0.039591s ]
SQL: SELECT * FROM `broadcastimg` WHERE ( `status_delete` = 1 ) ORDER BY id desc LIMIT 0,20   [ RunTime:0.069087s ]
INFO: [ view_parse ] --START--
INFO: [ template_filter ] --START--
INFO: Run Behavior\ContentReplaceBehavior [ RunTime:0.000115s ]
INFO: [ template_filter ] --END-- [ RunTime:0.000284s ]
INFO: Run Behavior\ParseTemplateBehavior [ RunTime:0.013302s ]
INFO: [ view_parse ] --END-- [ RunTime:0.013472s ]
INFO: [ view_filter ] --START--
INFO: Run Behavior\WriteHtmlCacheBehavior [ RunTime:0.000525s ]
INFO: Run Behavior\TokenBuildBehavior [ RunTime:0.000774s ]
INFO: [ view_filter ] --END-- [ RunTime:0.001467s ]
INFO: [ app_end ] --START--
INFO: Run Behavior\ShowPageTraceBehavior [ RunTime:0.000660s ]
INFO: [ app_end ] --END-- [ RunTime:0.000765s ]

[ 2018-07-02T10:19:12+08:00 ] 127.0.0.1 /fonts/glyphicons-halflings-regular.woff2
INFO: [ app_init ] --START--
INFO: Run Behavior\BuildLiteBehavior [ RunTime:0.000051s ]
INFO: [ app_init ] --END-- [ RunTime:0.000926s ]
INFO: [ app_begin ] --START--
INFO: Run Behavior\ReadHtmlCacheBehavior [ RunTime:0.000666s ]
INFO: Run Behavior\CheckLangBehavior [ RunTime:0.001475s ]
INFO: [ app_begin ] --END-- [ RunTime:0.002425s ]
ERR: 无法加载控制器:Fonts

[ 2018-07-02T10:20:47+08:00 ] 127.0.0.1 /Broadcastimg/adds
INFO: [ app_init ] --START--
INFO: Run Behavior\BuildLiteBehavior [ RunTime:0.000023s ]
INFO: [ app_init ] --END-- [ RunTime:0.000470s ]
INFO: [ app_begin ] --START--
INFO: Run Behavior\ReadHtmlCacheBehavior [ RunTime:0.000505s ]
INFO: Run Behavior\CheckLangBehavior [ RunTime:0.000873s ]
INFO: [ app_begin ] --END-- [ RunTime:0.001548s ]
SQL: DESCRIBE category [ RunTime:0.034239s ]
SQL: SELECT * FROM `category` WHERE ( `status_delete` = 1 ) AND ( `pid` = 0 )  [ RunTime:0.040725s ]
INFO: [ view_parse ] --START--
INFO: [ template_filter ] --START--
INFO: Run Behavior\ContentReplaceBehavior [ RunTime:0.000076s ]
INFO: [ template_filter ] --END-- [ RunTime:0.000173s ]
NOTIC: [8] Undefined variable: result D:\Projects\cdd\System\Application\Runtime\Cache\Home\7a18fb190db1bf3c2679885dc6d8fe3e.php 第 29 行.
INFO: Run Behavior\ParseTemplateBehavior [ RunTime:0.008434s ]
INFO: [ view_parse ] --END-- [ RunTime:0.008578s ]
INFO: [ view_filter ] --START--
INFO: Run Behavior\WriteHtmlCacheBehavior [ RunTime:0.000542s ]
INFO: Run Behavior\TokenBuildBehavior [ RunTime:0.000722s ]
INFO: [ view_filter ] --END-- [ RunTime:0.001433s ]
INFO: [ app_end ] --START--
INFO: Run Behavior\ShowPageTraceBehavior [ RunTime:0.000626s ]
INFO: [ app_end ] --END-- [ RunTime:0.000731s ]

[ 2018-07-02T10:20:56+08:00 ] 127.0.0.1 /Commodity/upload_do
INFO: [ app_init ] --START--
INFO: Run Behavior\BuildLiteBehavior [ RunTime:0.000022s ]
INFO: [ app_init ] --END-- [ RunTime:0.000474s ]
INFO: [ app_begin ] --START--
INFO: Run Behavior\ReadHtmlCacheBehavior [ RunTime:0.000479s ]
INFO: Run Behavior\CheckLangBehavior [ RunTime:0.000846s ]
INFO: [ app_begin ] --END-- [ RunTime:0.001495s ]
NOTIC: [8] Undefined variable: fileName D:\Projects\cdd\System\Application\Home\Controller\CommodityController.class.php 第 186 行.
NOTIC: [2] file(md5list.txt): failed to open stream: No such file or directory D:\Projects\cdd\System\Application\Home\Controller\CommodityController.class.php 第 255 行.

[ 2018-07-02T10:20:56+08:00 ] 127.0.0.1 /Commodity/upload_do
INFO: [ app_init ] --START--
INFO: Run Behavior\BuildLiteBehavior [ RunTime:0.000039s ]
INFO: [ app_init ] --END-- [ RunTime:0.000761s ]
INFO: [ app_begin ] --START--
INFO: Run Behavior\ReadHtmlCacheBehavior [ RunTime:0.000905s ]
INFO: Run Behavior\CheckLangBehavior [ RunTime:0.001596s ]
INFO: [ app_begin ] --END-- [ RunTime:0.002799s ]
NOTIC: [8] Undefined variable: fileName D:\Projects\cdd\System\Application\Home\Controller\CommodityController.class.php 第 186 行.
NOTIC: [2] file(md5list.txt): failed to open stream: No such file or directory D:\Projects\cdd\System\Application\Home\Controller\CommodityController.class.php 第 255 行.

[ 2018-07-02T10:21:15+08:00 ] 127.0.0.1 /Broadcastimg/adds_do
INFO: [ app_init ] --START--
INFO: Run Behavior\BuildLiteBehavior [ RunTime:0.000022s ]
INFO: [ app_init ] --END-- [ RunTime:0.000495s ]
INFO: [ app_begin ] --START--
INFO: Run Behavior\ReadHtmlCacheBehavior [ RunTime:0.000573s ]
INFO: Run Behavior\CheckLangBehavior [ RunTime:0.000987s ]
INFO: [ app_begin ] --END-- [ RunTime:0.001703s ]
SQL: DESCRIBE broadcastimg [ RunTime:0.039734s ]

[ 2018-07-02T10:21:24+08:00 ] 127.0.0.1 /Category/lists
INFO: [ app_init ] --START--
INFO: Run Behavior\BuildLiteBehavior [ RunTime:0.000029s ]
INFO: [ app_init ] --END-- [ RunTime:0.000520s ]
INFO: [ app_begin ] --START--
INFO: Run Behavior\ReadHtmlCacheBehavior [ RunTime:0.000468s ]
INFO: Run Behavior\CheckLangBehavior [ RunTime:0.000863s ]
INFO: [ app_begin ] --END-- [ RunTime:0.001503s ]
NOTIC: [2] extract() expects parameter 1 to be array, null given D:\Projects\cdd\System\Application\Home\Controller\CategoryController.class.php 第 37 行.
SQL: DESCRIBE category [ RunTime:0.034991s ]
NOTIC: [2] extract() expects parameter 1 to be array, null given D:\Projects\cdd\System\Application\Home\Model\CategoryModel.class.php 第 51 行.
SQL: SELECT COUNT(*) AS tp_count FROM `category` WHERE ( `status_delete` = 1 ) AND ( `pid` = 0 ) LIMIT 1   [ RunTime:0.033990s ]
SQL: SELECT * FROM `category` WHERE ( `status_delete` = 1 ) AND ( `pid` = 0 ) ORDER BY id desc LIMIT 0,20   [ RunTime:0.034216s ]
INFO: [ view_parse ] --START--
INFO: [ template_filter ] --START--
INFO: Run Behavior\ContentReplaceBehavior [ RunTime:0.000070s ]
INFO: [ template_filter ] --END-- [ RunTime:0.000185s ]
INFO: Run Behavior\ParseTemplateBehavior [ RunTime:0.010634s ]
INFO: [ view_parse ] --END-- [ RunTime:0.010769s ]
INFO: [ view_filter ] --START--
INFO: Run Behavior\WriteHtmlCacheBehavior [ RunTime:0.000495s ]
INFO: Run Behavior\TokenBuildBehavior [ RunTime:0.001009s ]
INFO: [ view_filter ] --END-- [ RunTime:0.001681s ]
INFO: [ app_end ] --START--
INFO: Run Behavior\ShowPageTraceBehavior [ RunTime:0.000641s ]
INFO: [ app_end ] --END-- [ RunTime:0.000751s ]

[ 2018-07-02T10:21:24+08:00 ] 127.0.0.1 /fonts/glyphicons-halflings-regular.woff2
INFO: [ app_init ] --START--
INFO: Run Behavior\BuildLiteBehavior [ RunTime:0.000029s ]
INFO: [ app_init ] --END-- [ RunTime:0.000548s ]
INFO: [ app_begin ] --START--
INFO: Run Behavior\ReadHtmlCacheBehavior [ RunTime:0.000575s ]
INFO: Run Behavior\CheckLangBehavior [ RunTime:0.000989s ]
INFO: [ app_begin ] --END-- [ RunTime:0.001757s ]
ERR: 无法加载控制器:Fonts

[ 2018-07-02T10:21:52+08:00 ] 127.0.0.1 /Broadcastimg/adds
INFO: [ app_init ] --START--
INFO: Run Behavior\BuildLiteBehavior [ RunTime:0.000032s ]
INFO: [ app_init ] --END-- [ RunTime:0.000586s ]
INFO: [ app_begin ] --START--
INFO: Run Behavior\ReadHtmlCacheBehavior [ RunTime:0.000480s ]
INFO: Run Behavior\CheckLangBehavior [ RunTime:0.000857s ]
INFO: [ app_begin ] --END-- [ RunTime:0.001516s ]
SQL: DESCRIBE category [ RunTime:0.035214s ]
SQL: SELECT * FROM `category` WHERE ( `status_delete` = 1 ) AND ( `pid` = 0 )  [ RunTime:0.035932s ]
INFO: [ view_parse ] --START--
INFO: [ template_filter ] --START--
INFO: Run Behavior\ContentReplaceBehavior [ RunTime:0.000080s ]
INFO: [ template_filter ] --END-- [ RunTime:0.000193s ]
NOTIC: [8] Undefined variable: result D:\Projects\cdd\System\Application\Runtime\Cache\Home\7a18fb190db1bf3c2679885dc6d8fe3e.php 第 29 行.
INFO: Run Behavior\ParseTemplateBehavior [ RunTime:0.018110s ]
INFO: [ view_parse ] --END-- [ RunTime:0.018243s ]
INFO: [ view_filter ] --START--
INFO: Run Behavior\WriteHtmlCacheBehavior [ RunTime:0.000492s ]
INFO: Run Behavior\TokenBuildBehavior [ RunTime:0.000748s ]
INFO: [ view_filter ] --END-- [ RunTime:0.001401s ]
INFO: [ app_end ] --START--
INFO: Run Behavior\ShowPageTraceBehavior [ RunTime:0.000666s ]
INFO: [ app_end ] --END-- [ RunTime:0.000774s ]

[ 2018-07-02T10:22:14+08:00 ] 127.0.0.1 /Broadcastimg/adds
INFO: [ app_init ] --START--
INFO: Run Behavior\BuildLiteBehavior [ RunTime:0.000026s ]
INFO: [ app_init ] --END-- [ RunTime:0.000500s ]
INFO: [ app_begin ] --START--
INFO: Run Behavior\ReadHtmlCacheBehavior [ RunTime:0.000834s ]
INFO: Run Behavior\CheckLangBehavior [ RunTime:0.001319s ]
INFO: [ app_begin ] --END-- [ RunTime:0.002428s ]
SQL: DESCRIBE category [ RunTime:0.031466s ]
SQL: SELECT * FROM `category` WHERE ( `status_delete` = 1 ) AND ( `pid` = 0 )  [ RunTime:0.037294s ]
INFO: [ view_parse ] --START--
INFO: [ template_filter ] --START--
INFO: Run Behavior\ContentReplaceBehavior [ RunTime:0.000080s ]
INFO: [ template_filter ] --END-- [ RunTime:0.000195s ]
NOTIC: [8] Undefined variable: result D:\Projects\cdd\System\Application\Runtime\Cache\Home\7a18fb190db1bf3c2679885dc6d8fe3e.php 第 29 行.
INFO: Run Behavior\ParseTemplateBehavior [ RunTime:0.008779s ]
INFO: [ view_parse ] --END-- [ RunTime:0.008905s ]
INFO: [ view_filter ] --START--
INFO: Run Behavior\WriteHtmlCacheBehavior [ RunTime:0.000492s ]
INFO: Run Behavior\TokenBuildBehavior [ RunTime:0.000732s ]
INFO: [ view_filter ] --END-- [ RunTime:0.001386s ]
INFO: [ app_end ] --START--
INFO: Run Behavior\ShowPageTraceBehavior [ RunTime:0.000636s ]
INFO: [ app_end ] --END-- [ RunTime:0.000739s ]

[ 2018-07-02T10:22:32+08:00 ] 127.0.0.1 /Broadcastimg/adds
INFO: [ app_init ] --START--
INFO: Run Behavior\BuildLiteBehavior [ RunTime:0.000027s ]
INFO: [ app_init ] --END-- [ RunTime:0.000523s ]
INFO: [ app_begin ] --START--
INFO: Run Behavior\ReadHtmlCacheBehavior [ RunTime:0.000477s ]
INFO: Run Behavior\CheckLangBehavior [ RunTime:0.000851s ]
INFO: [ app_begin ] --END-- [ RunTime:0.001507s ]
SQL: DESCRIBE category [ RunTime:0.042468s ]
SQL: SELECT * FROM `category` WHERE ( `status_delete` = 1 ) AND ( `pid` = 0 )  [ RunTime:0.043666s ]
INFO: [ view_parse ] --START--
INFO: [ template_filter ] --START--
INFO: Run Behavior\ContentReplaceBehavior [ RunTime:0.000080s ]
INFO: [ template_filter ] --END-- [ RunTime:0.000193s ]
NOTIC: [8] Undefined variable: result D:\Projects\cdd\System\Application\Runtime\Cache\Home\7a18fb190db1bf3c2679885dc6d8fe3e.php 第 29 行.
INFO: Run Behavior\ParseTemplateBehavior [ RunTime:0.026299s ]
INFO: [ view_parse ] --END-- [ RunTime:0.026436s ]
INFO: [ view_filter ] --START--
INFO: Run Behavior\WriteHtmlCacheBehavior [ RunTime:0.000562s ]
INFO: Run Behavior\TokenBuildBehavior [ RunTime:0.000807s ]
INFO: [ view_filter ] --END-- [ RunTime:0.001542s ]
INFO: [ app_end ] --START--
INFO: Run Behavior\ShowPageTraceBehavior [ RunTime:0.000655s ]
INFO: [ app_end ] --END-- [ RunTime:0.000761s ]

[ 2018-07-02T10:22:44+08:00 ] 127.0.0.1 /Commodity/upload_do
INFO: [ app_init ] --START--
INFO: Run Behavior\BuildLiteBehavior [ RunTime:0.000027s ]
INFO: [ app_init ] --END-- [ RunTime:0.000502s ]
INFO: [ app_begin ] --START--
INFO: Run Behavior\ReadHtmlCacheBehavior [ RunTime:0.000513s ]
INFO: Run Behavior\CheckLangBehavior [ RunTime:0.000883s ]
INFO: [ app_begin ] --END-- [ RunTime:0.001583s ]
NOTIC: [8] Undefined variable: fileName D:\Projects\cdd\System\Application\Home\Controller\CommodityController.class.php 第 186 行.
NOTIC: [2] file(md5list.txt): failed to open stream: No such file or directory D:\Projects\cdd\System\Application\Home\Controller\CommodityController.class.php 第 255 行.

[ 2018-07-02T10:22:44+08:00 ] 127.0.0.1 /Commodity/upload_do
INFO: [ app_init ] --START--
INFO: Run Behavior\BuildLiteBehavior [ RunTime:0.000026s ]
INFO: [ app_init ] --END-- [ RunTime:0.000681s ]
INFO: [ app_begin ] --START--
INFO: Run Behavior\ReadHtmlCacheBehavior [ RunTime:0.000705s ]
INFO: Run Behavior\CheckLangBehavior [ RunTime:0.001336s ]
INFO: [ app_begin ] --END-- [ RunTime:0.002260s ]
NOTIC: [8] Undefined variable: fileName D:\Projects\cdd\System\Application\Home\Controller\CommodityController.class.php 第 186 行.
NOTIC: [2] file(md5list.txt): failed to open stream: No such file or directory D:\Projects\cdd\System\Application\Home\Controller\CommodityController.class.php 第 255 行.

[ 2018-07-02T10:22:45+08:00 ] 127.0.0.1 /Broadcastimg/adds_do
INFO: [ app_init ] --START--
INFO: Run Behavior\BuildLiteBehavior [ RunTime:0.000023s ]
INFO: [ app_init ] --END-- [ RunTime:0.000509s ]
INFO: [ app_begin ] --START--
INFO: Run Behavior\ReadHtmlCacheBehavior [ RunTime:0.000569s ]
INFO: Run Behavior\CheckLangBehavior [ RunTime:0.001104s ]
INFO: [ app_begin ] --END-- [ RunTime:0.001827s ]
SQL: DESCRIBE broadcastimg [ RunTime:0.039239s ]
SQL: INSERT INTO `broadcastimg` (`img`,`url`,`class`,`status_delete`,`create_time`,`modify_time`) VALUES ('[\"\\/Uploads\\/Tmps\\/2018\\/07\\/02\\/5b398c7413a03.png\"]','空',0,1,1530498165,1530498165) [ RunTime:0.037671s ]

[ 2018-07-02T10:22:47+08:00 ] 127.0.0.1 /Broadcastimg/lists
INFO: [ app_init ] --START--
INFO: Run Behavior\BuildLiteBehavior [ RunTime:0.000022s ]
INFO: [ app_init ] --END-- [ RunTime:0.000459s ]
INFO: [ app_begin ] --START--
INFO: Run Behavior\ReadHtmlCacheBehavior [ RunTime:0.000531s ]
INFO: Run Behavior\CheckLangBehavior [ RunTime:0.001007s ]
INFO: [ app_begin ] --END-- [ RunTime:0.001738s ]
NOTIC: [2] extract() expects parameter 1 to be array, null given D:\Projects\cdd\System\Application\Home\Controller\BroadcastimgController.class.php 第 25 行.
SQL: DESCRIBE broadcastimg [ RunTime:0.032678s ]
NOTIC: [2] extract() expects parameter 1 to be array, null given D:\Projects\cdd\System\Application\Home\Model\BroadcastimgModel.class.php 第 40 行.
SQL: SELECT COUNT(*) AS tp_count FROM `broadcastimg` WHERE ( `status_delete` = 1 ) LIMIT 1   [ RunTime:0.035571s ]
SQL: SELECT * FROM `broadcastimg` WHERE ( `status_delete` = 1 ) ORDER BY id desc LIMIT 0,20   [ RunTime:0.035518s ]
INFO: [ view_parse ] --START--
INFO: [ template_filter ] --START--
INFO: Run Behavior\ContentReplaceBehavior [ RunTime:0.000070s ]
INFO: [ template_filter ] --END-- [ RunTime:0.000176s ]
INFO: Run Behavior\ParseTemplateBehavior [ RunTime:0.010849s ]
INFO: [ view_parse ] --END-- [ RunTime:0.010993s ]
INFO: [ view_filter ] --START--
INFO: Run Behavior\WriteHtmlCacheBehavior [ RunTime:0.000514s ]
INFO: Run Behavior\TokenBuildBehavior [ RunTime:0.000807s ]
INFO: [ view_filter ] --END-- [ RunTime:0.001480s ]
INFO: [ app_end ] --START--
INFO: Run Behavior\ShowPageTraceBehavior [ RunTime:0.000651s ]
INFO: [ app_end ] --END-- [ RunTime:0.000753s ]

[ 2018-07-02T10:22:47+08:00 ] 127.0.0.1 /fonts/glyphicons-halflings-regular.woff2
INFO: [ app_init ] --START--
INFO: Run Behavior\BuildLiteBehavior [ RunTime:0.000024s ]
INFO: [ app_init ] --END-- [ RunTime:0.000534s ]
INFO: [ app_begin ] --START--
INFO: Run Behavior\ReadHtmlCacheBehavior [ RunTime:0.000731s ]
INFO: Run Behavior\CheckLangBehavior [ RunTime:0.001862s ]
INFO: [ app_begin ] --END-- [ RunTime:0.002894s ]
ERR: 无法加载控制器:Fonts

[ 2018-07-02T10:22:54+08:00 ] 127.0.0.1 /Broadcastimg/raedit?id=4
INFO: [ app_init ] --START--
INFO: Run Behavior\BuildLiteBehavior [ RunTime:0.000023s ]
INFO: [ app_init ] --END-- [ RunTime:0.000466s ]
INFO: [ app_begin ] --START--
INFO: Run Behavior\ReadHtmlCacheBehavior [ RunTime:0.000466s ]
INFO: Run Behavior\CheckLangBehavior [ RunTime:0.000845s ]
INFO: [ app_begin ] --END-- [ RunTime:0.001487s ]
SQL: DESCRIBE category [ RunTime:0.030342s ]
SQL: SELECT * FROM `category` WHERE ( `status_delete` = 1 ) AND ( `pid` = 0 )  [ RunTime:0.030646s ]
SQL: DESCRIBE broadcastimg [ RunTime:0.033916s ]
SQL: SELECT * FROM `broadcastimg` WHERE ( `id` = 4 ) LIMIT 1   [ RunTime:0.033429s ]
INFO: [ view_parse ] --START--
INFO: [ template_filter ] --START--
INFO: Run Behavior\ContentReplaceBehavior [ RunTime:0.000083s ]
INFO: [ template_filter ] --END-- [ RunTime:0.000195s ]
INFO: Run Behavior\ParseTemplateBehavior [ RunTime:0.026740s ]
INFO: [ view_parse ] --END-- [ RunTime:0.026888s ]
INFO: [ view_filter ] --START--
INFO: Run Behavior\WriteHtmlCacheBehavior [ RunTime:0.000539s ]
INFO: Run Behavior\TokenBuildBehavior [ RunTime:0.000792s ]
INFO: [ view_filter ] --END-- [ RunTime:0.001494s ]
INFO: [ app_end ] --START--
INFO: Run Behavior\ShowPageTraceBehavior [ RunTime:0.000691s ]
INFO: [ app_end ] --END-- [ RunTime:0.000807s ]

[ 2018-07-02T10:22:56+08:00 ] 127.0.0.1 /Broadcastimg/lists
INFO: [ app_init ] --START--
INFO: Run Behavior\BuildLiteBehavior [ RunTime:0.000025s ]
INFO: [ app_init ] --END-- [ RunTime:0.000530s ]
INFO: [ app_begin ] --START--
INFO: Run Behavior\ReadHtmlCacheBehavior [ RunTime:0.000471s ]
INFO: Run Behavior\CheckLangBehavior [ RunTime:0.000838s ]
INFO: [ app_begin ] --END-- [ RunTime:0.001474s ]
NOTIC: [2] extract() expects parameter 1 to be array, null given D:\Projects\cdd\System\Application\Home\Controller\BroadcastimgController.class.php 第 25 行.
SQL: DESCRIBE broadcastimg [ RunTime:0.029147s ]
NOTIC: [2] extract() expects parameter 1 to be array, null given D:\Projects\cdd\System\Application\Home\Model\BroadcastimgModel.class.php 第 40 行.
SQL: SELECT COUNT(*) AS tp_count FROM `broadcastimg` WHERE ( `status_delete` = 1 ) LIMIT 1   [ RunTime:0.033929s ]
SQL: SELECT * FROM `broadcastimg` WHERE ( `status_delete` = 1 ) ORDER BY id desc LIMIT 0,20   [ RunTime:0.034244s ]
INFO: [ view_parse ] --START--
INFO: [ template_filter ] --START--
INFO: Run Behavior\ContentReplaceBehavior [ RunTime:0.000070s ]
INFO: [ template_filter ] --END-- [ RunTime:0.000176s ]
INFO: Run Behavior\ParseTemplateBehavior [ RunTime:0.010322s ]
INFO: [ view_parse ] --END-- [ RunTime:0.010450s ]
INFO: [ view_filter ] --START--
INFO: Run Behavior\WriteHtmlCacheBehavior [ RunTime:0.000498s ]
INFO: Run Behavior\TokenBuildBehavior [ RunTime:0.000780s ]
INFO: [ view_filter ] --END-- [ RunTime:0.001438s ]
INFO: [ app_end ] --START--
INFO: Run Behavior\ShowPageTraceBehavior [ RunTime:0.000657s ]
INFO: [ app_end ] --END-- [ RunTime:0.000762s ]

[ 2018-07-02T10:22:57+08:00 ] 127.0.0.1 /fonts/glyphicons-halflings-regular.woff2
INFO: [ app_init ] --START--
INFO: Run Behavior\BuildLiteBehavior [ RunTime:0.000040s ]
INFO: [ app_init ] --END-- [ RunTime:0.000750s ]
INFO: [ app_begin ] --START--
INFO: Run Behavior\ReadHtmlCacheBehavior [ RunTime:0.000678s ]
INFO: Run Behavior\CheckLangBehavior [ RunTime:0.000966s ]
INFO: [ app_begin ] --END-- [ RunTime:0.001835s ]
ERR: 无法加载控制器:Fonts

[ 2018-07-02T10:23:34+08:00 ] 127.0.0.1 /Broadcastimg/lists
INFO: [ app_init ] --START--
INFO: Run Behavior\BuildLiteBehavior [ RunTime:0.000022s ]
INFO: [ app_init ] --END-- [ RunTime:0.000478s ]
INFO: [ app_begin ] --START--
INFO: Run Behavior\ReadHtmlCacheBehavior [ RunTime:0.000470s ]
INFO: Run Behavior\CheckLangBehavior [ RunTime:0.000849s ]
INFO: [ app_begin ] --END-- [ RunTime:0.001485s ]
NOTIC: [2] extract() expects parameter 1 to be array, null given D:\Projects\cdd\System\Application\Home\Controller\BroadcastimgController.class.php 第 25 行.
SQL: DESCRIBE broadcastimg [ RunTime:0.033396s ]
NOTIC: [2] extract() expects parameter 1 to be array, null given D:\Projects\cdd\System\Application\Home\Model\BroadcastimgModel.class.php 第 40 行.
SQL: SELECT COUNT(*) AS tp_count FROM `broadcastimg` WHERE ( `status_delete` = 1 ) LIMIT 1   [ RunTime:0.034388s ]
SQL: SELECT * FROM `broadcastimg` WHERE ( `status_delete` = 1 ) ORDER BY id desc LIMIT 0,20   [ RunTime:0.033644s ]
INFO: [ view_parse ] --START--
INFO: [ template_filter ] --START--
INFO: Run Behavior\ContentReplaceBehavior [ RunTime:0.000070s ]
INFO: [ template_filter ] --END-- [ RunTime:0.000170s ]
INFO: Run Behavior\ParseTemplateBehavior [ RunTime:0.010833s ]
INFO: [ view_parse ] --END-- [ RunTime:0.010973s ]
INFO: [ view_filter ] --START--
INFO: Run Behavior\WriteHtmlCacheBehavior [ RunTime:0.000515s ]
INFO: Run Behavior\TokenBuildBehavior [ RunTime:0.000813s ]
INFO: [ view_filter ] --END-- [ RunTime:0.001489s ]
INFO: [ app_end ] --START--
INFO: Run Behavior\ShowPageTraceBehavior [ RunTime:0.000668s ]
INFO: [ app_end ] --END-- [ RunTime:0.000771s ]

[ 2018-07-02T10:23:34+08:00 ] 127.0.0.1 /fonts/glyphicons-halflings-regular.woff2
INFO: [ app_init ] --START--
INFO: Run Behavior\BuildLiteBehavior [ RunTime:0.000025s ]
INFO: [ app_init ] --END-- [ RunTime:0.000558s ]
INFO: [ app_begin ] --START--
INFO: Run Behavior\ReadHtmlCacheBehavior [ RunTime:0.000696s ]
INFO: Run Behavior\CheckLangBehavior [ RunTime:0.001402s ]
INFO: [ app_begin ] --END-- [ RunTime:0.002335s ]
ERR: 无法加载控制器:Fonts

[ 2018-07-02T10:26:06+08:00 ] 127.0.0.1 /Broadcastimg/lists
INFO: [ app_init ] --START--
INFO: Run Behavior\BuildLiteBehavior [ RunTime:0.000023s ]
INFO: [ app_init ] --END-- [ RunTime:0.000507s ]
INFO: [ app_begin ] --START--
INFO: Run Behavior\ReadHtmlCacheBehavior [ RunTime:0.000837s ]
INFO: Run Behavior\CheckLangBehavior [ RunTime:0.001202s ]
INFO: [ app_begin ] --END-- [ RunTime:0.002254s ]
NOTIC: [2] extract() expects parameter 1 to be array, null given D:\Projects\cdd\System\Application\Home\Controller\BroadcastimgController.class.php 第 25 行.
SQL: DESCRIBE broadcastimg [ RunTime:0.045427s ]
NOTIC: [2] extract() expects parameter 1 to be array, null given D:\Projects\cdd\System\Application\Home\Model\BroadcastimgModel.class.php 第 40 行.
SQL: SELECT COUNT(*) AS tp_count FROM `broadcastimg` WHERE ( `status_delete` = 1 ) LIMIT 1   [ RunTime:0.045256s ]
SQL: SELECT * FROM `broadcastimg` WHERE ( `status_delete` = 1 ) ORDER BY id desc LIMIT 0,20   [ RunTime:0.046411s ]
INFO: [ view_parse ] --START--
INFO: [ template_filter ] --START--
INFO: Run Behavior\ContentReplaceBehavior [ RunTime:0.000076s ]
INFO: [ template_filter ] --END-- [ RunTime:0.000190s ]
INFO: Run Behavior\ParseTemplateBehavior [ RunTime:0.011462s ]
INFO: [ view_parse ] --END-- [ RunTime:0.011606s ]
INFO: [ view_filter ] --START--
INFO: Run Behavior\WriteHtmlCacheBehavior [ RunTime:0.000548s ]
INFO: Run Behavior\TokenBuildBehavior [ RunTime:0.000795s ]
INFO: [ view_filter ] --END-- [ RunTime:0.001497s ]
INFO: [ app_end ] --START--
INFO: Run Behavior\ShowPageTraceBehavior [ RunTime:0.000706s ]
INFO: [ app_end ] --END-- [ RunTime:0.000813s ]

[ 2018-07-02T10:26:06+08:00 ] 127.0.0.1 /fonts/glyphicons-halflings-regular.woff2
INFO: [ app_init ] --START--
INFO: Run Behavior\BuildLiteBehavior [ RunTime:0.000024s ]
INFO: [ app_init ] --END-- [ RunTime:0.000485s ]
INFO: [ app_begin ] --START--
INFO: Run Behavior\ReadHtmlCacheBehavior [ RunTime:0.000473s ]
INFO: Run Behavior\CheckLangBehavior [ RunTime:0.000863s ]
INFO: [ app_begin ] --END-- [ RunTime:0.001500s ]
ERR: 无法加载控制器:Fonts

[ 2018-07-02T10:28:21+08:00 ] 127.0.0.1 /Broadcastimg/lists
INFO: [ app_init ] --START--
INFO: Run Behavior\BuildLiteBehavior [ RunTime:0.000023s ]
INFO: [ app_init ] --END-- [ RunTime:0.000499s ]
INFO: [ app_begin ] --START--
INFO: Run Behavior\ReadHtmlCacheBehavior [ RunTime:0.000566s ]
INFO: Run Behavior\CheckLangBehavior [ RunTime:0.000986s ]
INFO: [ app_begin ] --END-- [ RunTime:0.001715s ]
NOTIC: [2] extract() expects parameter 1 to be array, null given D:\Projects\cdd\System\Application\Home\Controller\BroadcastimgController.class.php 第 25 行.
SQL: DESCRIBE broadcastimg [ RunTime:0.034323s ]
NOTIC: [2] extract() expects parameter 1 to be array, null given D:\Projects\cdd\System\Application\Home\Model\BroadcastimgModel.class.php 第 40 行.
SQL: SELECT COUNT(*) AS tp_count FROM `broadcastimg` WHERE ( `status_delete` = 1 ) LIMIT 1   [ RunTime:0.034002s ]
SQL: SELECT * FROM `broadcastimg` WHERE ( `status_delete` = 1 ) ORDER BY id desc LIMIT 0,20   [ RunTime:0.034826s ]
INFO: [ view_parse ] --START--
INFO: [ template_filter ] --START--
INFO: Run Behavior\ContentReplaceBehavior [ RunTime:0.000073s ]
INFO: [ template_filter ] --END-- [ RunTime:0.000181s ]
INFO: Run Behavior\ParseTemplateBehavior [ RunTime:0.010769s ]
INFO: [ view_parse ] --END-- [ RunTime:0.010902s ]
INFO: [ view_filter ] --START--
INFO: Run Behavior\WriteHtmlCacheBehavior [ RunTime:0.000493s ]
INFO: Run Behavior\TokenBuildBehavior [ RunTime:0.000772s ]
INFO: [ view_filter ] --END-- [ RunTime:0.001411s ]
INFO: [ app_end ] --START--
INFO: Run Behavior\ShowPageTraceBehavior [ RunTime:0.000624s ]
INFO: [ app_end ] --END-- [ RunTime:0.000725s ]

[ 2018-07-02T10:28:21+08:00 ] 127.0.0.1 /fonts/glyphicons-halflings-regular.woff2
INFO: [ app_init ] --START--
INFO: Run Behavior\BuildLiteBehavior [ RunTime:0.000044s ]
INFO: [ app_init ] --END-- [ RunTime:0.000894s ]
INFO: [ app_begin ] --START--
INFO: Run Behavior\ReadHtmlCacheBehavior [ RunTime:0.000480s ]
INFO: Run Behavior\CheckLangBehavior [ RunTime:0.000858s ]
INFO: [ app_begin ] --END-- [ RunTime:0.001505s ]
ERR: 无法加载控制器:Fonts

[ 2018-07-02T11:32:46+08:00 ] 127.0.0.1 /Broadcastimg/adds
INFO: [ app_init ] --START--
INFO: Run Behavior\BuildLiteBehavior [ RunTime:0.000023s ]
INFO: [ app_init ] --END-- [ RunTime:0.000470s ]
INFO: [ app_begin ] --START--
INFO: Run Behavior\ReadHtmlCacheBehavior [ RunTime:0.000484s ]
INFO: Run Behavior\CheckLangBehavior [ RunTime:0.000962s ]
INFO: [ app_begin ] --END-- [ RunTime:0.001609s ]
SQL: DESCRIBE category [ RunTime:0.040435s ]
SQL: SELECT * FROM `category` WHERE ( `status_delete` = 1 ) AND ( `pid` = 0 )  [ RunTime:0.041892s ]
INFO: [ view_parse ] --START--
INFO: [ template_filter ] --START--
INFO: Run Behavior\ContentReplaceBehavior [ RunTime:0.000079s ]
INFO: [ template_filter ] --END-- [ RunTime:0.000192s ]
NOTIC: [8] Undefined variable: result D:\Projects\cdd\System\Application\Runtime\Cache\Home\7a18fb190db1bf3c2679885dc6d8fe3e.php 第 29 行.
INFO: Run Behavior\ParseTemplateBehavior [ RunTime:0.009725s ]
INFO: [ view_parse ] --END-- [ RunTime:0.009867s ]
INFO: [ view_filter ] --START--
INFO: Run Behavior\WriteHtmlCacheBehavior [ RunTime:0.000603s ]
INFO: Run Behavior\TokenBuildBehavior [ RunTime:0.000743s ]
INFO: [ view_filter ] --END-- [ RunTime:0.001514s ]
INFO: [ app_end ] --START--
INFO: Run Behavior\ShowPageTraceBehavior [ RunTime:0.000649s ]
INFO: [ app_end ] --END-- [ RunTime:0.000749s ]

[ 2018-07-02T11:32:52+08:00 ] 127.0.0.1 /Commodity/upload_do
INFO: [ app_init ] --START--
INFO: Run Behavior\BuildLiteBehavior [ RunTime:0.000022s ]
INFO: [ app_init ] --END-- [ RunTime:0.000463s ]
INFO: [ app_begin ] --START--
INFO: Run Behavior\ReadHtmlCacheBehavior [ RunTime:0.000453s ]
INFO: Run Behavior\CheckLangBehavior [ RunTime:0.000839s ]
INFO: [ app_begin ] --END-- [ RunTime:0.001458s ]
NOTIC: [8] Undefined variable: fileName D:\Projects\cdd\System\Application\Home\Controller\CommodityController.class.php 第 186 行.
NOTIC: [2] file(md5list.txt): failed to open stream: No such file or directory D:\Projects\cdd\System\Application\Home\Controller\CommodityController.class.php 第 255 行.

[ 2018-07-02T11:43:24+08:00 ] 127.0.0.1 /
INFO: [ app_init ] --START--
INFO: Run Behavior\BuildLiteBehavior [ RunTime:0.000046s ]
INFO: [ app_init ] --END-- [ RunTime:0.000947s ]
INFO: [ app_begin ] --START--
INFO: Run Behavior\ReadHtmlCacheBehavior [ RunTime:0.000736s ]
INFO: Run Behavior\CheckLangBehavior [ RunTime:0.001315s ]
INFO: [ app_begin ] --END-- [ RunTime:0.002319s ]
INFO: [ view_parse ] --START--
INFO: [ template_filter ] --START--
INFO: Run Behavior\ContentReplaceBehavior [ RunTime:0.000085s ]
INFO: [ template_filter ] --END-- [ RunTime:0.000212s ]
INFO: Run Behavior\ParseTemplateBehavior [ RunTime:0.017950s ]
INFO: [ view_parse ] --END-- [ RunTime:0.018088s ]
INFO: [ view_filter ] --START--
INFO: Run Behavior\WriteHtmlCacheBehavior [ RunTime:0.000554s ]
INFO: Run Behavior\TokenBuildBehavior [ RunTime:0.000889s ]
INFO: [ view_filter ] --END-- [ RunTime:0.001610s ]
INFO: [ app_end ] --START--
INFO: Run Behavior\ShowPageTraceBehavior [ RunTime:0.000786s ]
INFO: [ app_end ] --END-- [ RunTime:0.000888s ]

