[ 2018-07-13T17:20:14+08:00 ] 127.0.0.1 /Disease/lists
INFO: [ app_init ] --START--
INFO: Run Behavior\BuildLiteBehavior [ RunTime:0.000030s ]
INFO: [ app_init ] --END-- [ RunTime:0.011432s ]
INFO: [ app_begin ] --START--
INFO: Run Behavior\ReadHtmlCacheBehavior [ RunTime:0.020365s ]
INFO: Run Behavior\CheckLangBehavior [ RunTime:0.021150s ]
INFO: [ app_begin ] --END-- [ RunTime:0.041769s ]
NOTIC: [2] extract() expects parameter 1 to be array, null given D:\Projects\HomeDoctor\System\Application\Home\Controller\DiseaseController.class.php 第 53 行.
SQL: DESCRIBE disease [ RunTime:0.047953s ]
NOTIC: [2] extract() expects parameter 1 to be array, null given D:\Projects\HomeDoctor\System\Application\Home\Model\DiseaseModel.class.php 第 74 行.
SQL: SELECT COUNT(*) AS tp_count FROM `disease` WHERE ( `status_delete` = 1 ) LIMIT 1   [ RunTime:0.044777s ]
SQL: SELECT * FROM `disease` WHERE ( `status_delete` = 1 ) ORDER BY id desc LIMIT 0,20   [ RunTime:0.168955s ]
SQL: DESCRIBE department [ RunTime:0.039879s ]
SQL: SELECT * FROM `department` WHERE ( `id` = 66 ) LIMIT 1   [ RunTime:0.040473s ]
SQL: SELECT * FROM `department` WHERE ( `id` = 68 ) LIMIT 1   [ RunTime:0.041501s ]
SQL: SELECT * FROM `department` WHERE ( `id` = 88 ) LIMIT 1   [ RunTime:0.043325s ]
SQL: SELECT * FROM `department` WHERE ( `id` = 67 ) LIMIT 1   [ RunTime:0.039722s ]
SQL: SELECT * FROM `department` WHERE ( `id` = 68 ) LIMIT 1   [ RunTime:0.040158s ]
SQL: SELECT * FROM `department` WHERE ( `id` = 68 ) LIMIT 1   [ RunTime:0.039560s ]
SQL: SELECT * FROM `department` WHERE ( `id` = 82 ) LIMIT 1   [ RunTime:0.039440s ]
SQL: SELECT * FROM `department` WHERE ( `id` = 68 ) LIMIT 1   [ RunTime:0.039497s ]
SQL: SELECT * FROM `department` WHERE ( `id` = 64 ) LIMIT 1   [ RunTime:0.039150s ]
SQL: SELECT * FROM `department` WHERE ( `id` = 67 ) LIMIT 1   [ RunTime:0.039448s ]
SQL: SELECT * FROM `department` WHERE ( `id` = 64 ) LIMIT 1   [ RunTime:0.040157s ]
SQL: SELECT * FROM `department` WHERE ( `id` = 88 ) LIMIT 1   [ RunTime:0.040955s ]
SQL: SELECT * FROM `department` WHERE ( `id` = 88 ) LIMIT 1   [ RunTime:0.039272s ]
SQL: SELECT * FROM `department` WHERE ( `id` = 64 ) LIMIT 1   [ RunTime:0.039369s ]
SQL: SELECT * FROM `department` WHERE ( `id` = 64 ) LIMIT 1   [ RunTime:0.039491s ]
SQL: SELECT * FROM `department` WHERE ( `id` = 74 ) LIMIT 1   [ RunTime:0.042854s ]
SQL: SELECT * FROM `department` WHERE ( `id` = 64 ) LIMIT 1   [ RunTime:0.043539s ]
SQL: SELECT * FROM `department` WHERE ( `id` = 41 ) LIMIT 1   [ RunTime:0.043365s ]
SQL: SELECT * FROM `department` WHERE ( `id` = 64 ) LIMIT 1   [ RunTime:0.042826s ]
SQL: SELECT * FROM `department` WHERE ( `id` = 90 ) LIMIT 1   [ RunTime:0.046158s ]
SQL: DESCRIBE body_disease [ RunTime:0.041822s ]
SQL: SELECT * FROM `body_disease` WHERE ( `id` = 4 ) LIMIT 1   [ RunTime:0.045466s ]
SQL: SELECT * FROM `body_disease` WHERE ( `id` = 4 ) LIMIT 1   [ RunTime:0.047755s ]
SQL: SELECT * FROM `body_disease` WHERE ( `id` = 4 ) LIMIT 1   [ RunTime:0.040429s ]
SQL: SELECT * FROM `body_disease` WHERE ( `id` = 4 ) LIMIT 1   [ RunTime:0.046403s ]
SQL: SELECT * FROM `body_disease` WHERE ( `id` = 4 ) LIMIT 1   [ RunTime:0.043353s ]
SQL: SELECT * FROM `body_disease` WHERE ( `id` = 4 ) LIMIT 1   [ RunTime:0.040639s ]
SQL: SELECT * FROM `body_disease` WHERE ( `id` = 4 ) LIMIT 1   [ RunTime:0.039159s ]
SQL: SELECT * FROM `body_disease` WHERE ( `id` = 4 ) LIMIT 1   [ RunTime:0.039564s ]
SQL: SELECT * FROM `body_disease` WHERE ( `id` = 4 ) LIMIT 1   [ RunTime:0.043871s ]
SQL: SELECT * FROM `body_disease` WHERE ( `id` = 4 ) LIMIT 1   [ RunTime:0.040043s ]
SQL: SELECT * FROM `body_disease` WHERE ( `id` = 4 ) LIMIT 1   [ RunTime:0.039820s ]
SQL: SELECT * FROM `body_disease` WHERE ( `id` = 4 ) LIMIT 1   [ RunTime:0.039393s ]
SQL: SELECT * FROM `body_disease` WHERE ( `id` = 36 ) LIMIT 1   [ RunTime:0.043446s ]
SQL: SELECT * FROM `body_disease` WHERE ( `id` = 36 ) LIMIT 1   [ RunTime:0.042378s ]
SQL: SELECT * FROM `body_disease` WHERE ( `id` = 36 ) LIMIT 1   [ RunTime:0.047270s ]
SQL: SELECT * FROM `body_disease` WHERE ( `id` = 36 ) LIMIT 1   [ RunTime:0.043964s ]
SQL: SELECT * FROM `body_disease` WHERE ( `id` = 36 ) LIMIT 1   [ RunTime:0.043652s ]
SQL: SELECT * FROM `body_disease` WHERE ( `id` = 36 ) LIMIT 1   [ RunTime:0.045303s ]
SQL: SELECT * FROM `body_disease` WHERE ( `id` = 36 ) LIMIT 1   [ RunTime:0.043547s ]
SQL: SELECT * FROM `body_disease` WHERE ( `id` = 36 ) LIMIT 1   [ RunTime:0.044309s ]
INFO: [ view_parse ] --START--
INFO: [ template_filter ] --START--
INFO: Run Behavior\ContentReplaceBehavior [ RunTime:0.000072s ]
INFO: [ template_filter ] --END-- [ RunTime:0.000186s ]
INFO: Run Behavior\ParseTemplateBehavior [ RunTime:0.104320s ]
INFO: [ view_parse ] --END-- [ RunTime:0.104504s ]
INFO: [ view_filter ] --START--
INFO: Run Behavior\WriteHtmlCacheBehavior [ RunTime:0.011682s ]
INFO: Run Behavior\TokenBuildBehavior [ RunTime:0.014729s ]
INFO: [ view_filter ] --END-- [ RunTime:0.026622s ]
INFO: [ app_end ] --START--
INFO: Run Behavior\ShowPageTraceBehavior [ RunTime:0.010057s ]
INFO: [ app_end ] --END-- [ RunTime:0.010186s ]

[ 2018-07-13T17:20:15+08:00 ] 127.0.0.1 /fonts/glyphicons-halflings-regular.woff2
INFO: [ app_init ] --START--
INFO: Run Behavior\BuildLiteBehavior [ RunTime:0.000027s ]
INFO: [ app_init ] --END-- [ RunTime:0.000512s ]
INFO: [ app_begin ] --START--
INFO: Run Behavior\ReadHtmlCacheBehavior [ RunTime:0.000545s ]
INFO: Run Behavior\CheckLangBehavior [ RunTime:0.001140s ]
INFO: [ app_begin ] --END-- [ RunTime:0.001912s ]
ERR: 无法加载控制器:Fonts

[ 2018-07-13T17:20:24+08:00 ] 127.0.0.1 /Disease/adds
INFO: [ app_init ] --START--
INFO: Run Behavior\BuildLiteBehavior [ RunTime:0.000032s ]
INFO: [ app_init ] --END-- [ RunTime:0.000510s ]
INFO: [ app_begin ] --START--
INFO: Run Behavior\ReadHtmlCacheBehavior [ RunTime:0.000612s ]
INFO: Run Behavior\CheckLangBehavior [ RunTime:0.001268s ]
INFO: [ app_begin ] --END-- [ RunTime:0.002095s ]
SQL: DESCRIBE department [ RunTime:0.034413s ]
SQL: SELECT * FROM `department` WHERE ( `status_delete` = 1 ) AND ( `pid` = 0 )  [ RunTime:0.041185s ]
SQL: DESCRIBE body_disease [ RunTime:0.036723s ]
NOTIC: [2] extract() expects parameter 1 to be array, null given D:\Projects\HomeDoctor\System\Application\Home\Model\BodyDiseaseModel.class.php 第 8 行.
SQL: SELECT * FROM `body_disease` WHERE ( `status_delete` = 1 )  [ RunTime:0.034360s ]
INFO: [ view_parse ] --START--
INFO: [ template_filter ] --START--
INFO: Run Behavior\ContentReplaceBehavior [ RunTime:0.000091s ]
INFO: [ template_filter ] --END-- [ RunTime:0.000209s ]
NOTIC: [8] Undefined variable: result D:\Projects\HomeDoctor\System\Application\Runtime\Cache\Home\ce360b53183f600b91fbb662637a6a94.php 第 26 行.
NOTIC: [8] Undefined variable: result D:\Projects\HomeDoctor\System\Application\Runtime\Cache\Home\ce360b53183f600b91fbb662637a6a94.php 第 33 行.
NOTIC: [8] Undefined variable: result D:\Projects\HomeDoctor\System\Application\Runtime\Cache\Home\ce360b53183f600b91fbb662637a6a94.php 第 40 行.
NOTIC: [8] Undefined variable: result D:\Projects\HomeDoctor\System\Application\Runtime\Cache\Home\ce360b53183f600b91fbb662637a6a94.php 第 40 行.
NOTIC: [8] Undefined variable: result D:\Projects\HomeDoctor\System\Application\Runtime\Cache\Home\ce360b53183f600b91fbb662637a6a94.php 第 47 行.
NOTIC: [8] Undefined variable: result D:\Projects\HomeDoctor\System\Application\Runtime\Cache\Home\ce360b53183f600b91fbb662637a6a94.php 第 47 行.
NOTIC: [8] Undefined variable: result D:\Projects\HomeDoctor\System\Application\Runtime\Cache\Home\ce360b53183f600b91fbb662637a6a94.php 第 54 行.
NOTIC: [8] Undefined variable: result D:\Projects\HomeDoctor\System\Application\Runtime\Cache\Home\ce360b53183f600b91fbb662637a6a94.php 第 54 行.
NOTIC: [8] Undefined variable: result D:\Projects\HomeDoctor\System\Application\Runtime\Cache\Home\ce360b53183f600b91fbb662637a6a94.php 第 61 行.
NOTIC: [8] Undefined variable: result D:\Projects\HomeDoctor\System\Application\Runtime\Cache\Home\ce360b53183f600b91fbb662637a6a94.php 第 61 行.
NOTIC: [8] Undefined variable: result D:\Projects\HomeDoctor\System\Application\Runtime\Cache\Home\ce360b53183f600b91fbb662637a6a94.php 第 68 行.
NOTIC: [8] Undefined variable: result D:\Projects\HomeDoctor\System\Application\Runtime\Cache\Home\ce360b53183f600b91fbb662637a6a94.php 第 68 行.
NOTIC: [8] Undefined variable: result D:\Projects\HomeDoctor\System\Application\Runtime\Cache\Home\ce360b53183f600b91fbb662637a6a94.php 第 75 行.
NOTIC: [8] Undefined variable: result D:\Projects\HomeDoctor\System\Application\Runtime\Cache\Home\ce360b53183f600b91fbb662637a6a94.php 第 75 行.
NOTIC: [8] Undefined variable: result D:\Projects\HomeDoctor\System\Application\Runtime\Cache\Home\ce360b53183f600b91fbb662637a6a94.php 第 82 行.
NOTIC: [8] Undefined variable: result D:\Projects\HomeDoctor\System\Application\Runtime\Cache\Home\ce360b53183f600b91fbb662637a6a94.php 第 82 行.
NOTIC: [8] Undefined variable: result D:\Projects\HomeDoctor\System\Application\Runtime\Cache\Home\ce360b53183f600b91fbb662637a6a94.php 第 89 行.
NOTIC: [8] Undefined variable: result D:\Projects\HomeDoctor\System\Application\Runtime\Cache\Home\ce360b53183f600b91fbb662637a6a94.php 第 89 行.
INFO: Run Behavior\ParseTemplateBehavior [ RunTime:0.064565s ]
INFO: [ view_parse ] --END-- [ RunTime:0.064707s ]
INFO: [ view_filter ] --START--
INFO: Run Behavior\WriteHtmlCacheBehavior [ RunTime:0.000628s ]
INFO: Run Behavior\TokenBuildBehavior [ RunTime:0.001187s ]
INFO: [ view_filter ] --END-- [ RunTime:0.002001s ]
INFO: [ app_end ] --START--
INFO: Run Behavior\ShowPageTraceBehavior [ RunTime:0.000749s ]
INFO: [ app_end ] --END-- [ RunTime:0.000860s ]

[ 2018-07-13T17:24:59+08:00 ] 127.0.0.1 /Disease/adds_do
INFO: [ app_init ] --START--
INFO: Run Behavior\BuildLiteBehavior [ RunTime:0.000023s ]
INFO: [ app_init ] --END-- [ RunTime:0.000517s ]
INFO: [ app_begin ] --START--
INFO: Run Behavior\ReadHtmlCacheBehavior [ RunTime:0.000569s ]
INFO: Run Behavior\CheckLangBehavior [ RunTime:0.001002s ]
INFO: [ app_begin ] --END-- [ RunTime:0.001713s ]
SQL: DESCRIBE disease [ RunTime:0.038268s ]
SQL: SELECT * FROM `disease` WHERE ( `status_delete` = 1 ) AND ( `name` = 'name' )  [ RunTime:0.041889s ]

[ 2018-07-13T17:25:04+08:00 ] 127.0.0.1 /Disease/lists
INFO: [ app_init ] --START--
INFO: Run Behavior\BuildLiteBehavior [ RunTime:0.000022s ]
INFO: [ app_init ] --END-- [ RunTime:0.000494s ]
INFO: [ app_begin ] --START--
INFO: Run Behavior\ReadHtmlCacheBehavior [ RunTime:0.000466s ]
INFO: Run Behavior\CheckLangBehavior [ RunTime:0.000845s ]
INFO: [ app_begin ] --END-- [ RunTime:0.001475s ]
NOTIC: [2] extract() expects parameter 1 to be array, null given D:\Projects\HomeDoctor\System\Application\Home\Controller\DiseaseController.class.php 第 53 行.
SQL: DESCRIBE disease [ RunTime:0.034335s ]
NOTIC: [2] extract() expects parameter 1 to be array, null given D:\Projects\HomeDoctor\System\Application\Home\Model\DiseaseModel.class.php 第 74 行.
SQL: SELECT COUNT(*) AS tp_count FROM `disease` WHERE ( `status_delete` = 1 ) LIMIT 1   [ RunTime:0.034795s ]
SQL: SELECT * FROM `disease` WHERE ( `status_delete` = 1 ) ORDER BY id desc LIMIT 0,20   [ RunTime:0.142439s ]
SQL: DESCRIBE department [ RunTime:0.033484s ]
SQL: SELECT * FROM `department` WHERE ( `id` = 88 ) LIMIT 1   [ RunTime:0.033204s ]
SQL: SELECT * FROM `department` WHERE ( `id` = 65 ) LIMIT 1   [ RunTime:0.037689s ]
SQL: SELECT * FROM `department` WHERE ( `id` = 66 ) LIMIT 1   [ RunTime:0.033155s ]
SQL: SELECT * FROM `department` WHERE ( `id` = 68 ) LIMIT 1   [ RunTime:0.036073s ]
SQL: SELECT * FROM `department` WHERE ( `id` = 88 ) LIMIT 1   [ RunTime:0.033375s ]
SQL: SELECT * FROM `department` WHERE ( `id` = 67 ) LIMIT 1   [ RunTime:0.033431s ]
SQL: SELECT * FROM `department` WHERE ( `id` = 68 ) LIMIT 1   [ RunTime:0.033368s ]
SQL: SELECT * FROM `department` WHERE ( `id` = 68 ) LIMIT 1   [ RunTime:0.033352s ]
SQL: SELECT * FROM `department` WHERE ( `id` = 82 ) LIMIT 1   [ RunTime:0.033713s ]
SQL: SELECT * FROM `department` WHERE ( `id` = 68 ) LIMIT 1   [ RunTime:0.033484s ]
SQL: SELECT * FROM `department` WHERE ( `id` = 64 ) LIMIT 1   [ RunTime:0.037655s ]
SQL: SELECT * FROM `department` WHERE ( `id` = 67 ) LIMIT 1   [ RunTime:0.037494s ]
SQL: SELECT * FROM `department` WHERE ( `id` = 64 ) LIMIT 1   [ RunTime:0.032947s ]
SQL: SELECT * FROM `department` WHERE ( `id` = 88 ) LIMIT 1   [ RunTime:0.037550s ]
SQL: SELECT * FROM `department` WHERE ( `id` = 88 ) LIMIT 1   [ RunTime:0.036553s ]
SQL: SELECT * FROM `department` WHERE ( `id` = 64 ) LIMIT 1   [ RunTime:0.036169s ]
SQL: SELECT * FROM `department` WHERE ( `id` = 64 ) LIMIT 1   [ RunTime:0.040598s ]
SQL: SELECT * FROM `department` WHERE ( `id` = 74 ) LIMIT 1   [ RunTime:0.037217s ]
SQL: SELECT * FROM `department` WHERE ( `id` = 64 ) LIMIT 1   [ RunTime:0.037284s ]
SQL: SELECT * FROM `department` WHERE ( `id` = 41 ) LIMIT 1   [ RunTime:0.037360s ]
SQL: DESCRIBE body_disease [ RunTime:0.033268s ]
SQL: SELECT * FROM `body_disease` WHERE ( `id` = 4 ) LIMIT 1   [ RunTime:0.037976s ]
SQL: SELECT * FROM `body_disease` WHERE ( `id` = 4 ) LIMIT 1   [ RunTime:0.033433s ]
SQL: SELECT * FROM `body_disease` WHERE ( `id` = 4 ) LIMIT 1   [ RunTime:0.033791s ]
SQL: SELECT * FROM `body_disease` WHERE ( `id` = 4 ) LIMIT 1   [ RunTime:0.033003s ]
SQL: SELECT * FROM `body_disease` WHERE ( `id` = 4 ) LIMIT 1   [ RunTime:0.037583s ]
SQL: SELECT * FROM `body_disease` WHERE ( `id` = 4 ) LIMIT 1   [ RunTime:0.033229s ]
SQL: SELECT * FROM `body_disease` WHERE ( `id` = 4 ) LIMIT 1   [ RunTime:0.034985s ]
SQL: SELECT * FROM `body_disease` WHERE ( `id` = 4 ) LIMIT 1   [ RunTime:0.036822s ]
SQL: SELECT * FROM `body_disease` WHERE ( `id` = 4 ) LIMIT 1   [ RunTime:0.033093s ]
SQL: SELECT * FROM `body_disease` WHERE ( `id` = 4 ) LIMIT 1   [ RunTime:0.037472s ]
SQL: SELECT * FROM `body_disease` WHERE ( `id` = 4 ) LIMIT 1   [ RunTime:0.037339s ]
SQL: SELECT * FROM `body_disease` WHERE ( `id` = 4 ) LIMIT 1   [ RunTime:0.037527s ]
SQL: SELECT * FROM `body_disease` WHERE ( `id` = 4 ) LIMIT 1   [ RunTime:0.039925s ]
SQL: SELECT * FROM `body_disease` WHERE ( `id` = 4 ) LIMIT 1   [ RunTime:0.037176s ]
SQL: SELECT * FROM `body_disease` WHERE ( `id` = 36 ) LIMIT 1   [ RunTime:0.036299s ]
SQL: SELECT * FROM `body_disease` WHERE ( `id` = 36 ) LIMIT 1   [ RunTime:0.035498s ]
SQL: SELECT * FROM `body_disease` WHERE ( `id` = 36 ) LIMIT 1   [ RunTime:0.033022s ]
SQL: SELECT * FROM `body_disease` WHERE ( `id` = 36 ) LIMIT 1   [ RunTime:0.033076s ]
SQL: SELECT * FROM `body_disease` WHERE ( `id` = 36 ) LIMIT 1   [ RunTime:0.033339s ]
SQL: SELECT * FROM `body_disease` WHERE ( `id` = 36 ) LIMIT 1   [ RunTime:0.037672s ]
INFO: [ view_parse ] --START--
INFO: [ template_filter ] --START--
INFO: Run Behavior\ContentReplaceBehavior [ RunTime:0.000065s ]
INFO: [ template_filter ] --END-- [ RunTime:0.000170s ]
INFO: Run Behavior\ParseTemplateBehavior [ RunTime:0.010258s ]
INFO: [ view_parse ] --END-- [ RunTime:0.010411s ]
INFO: [ view_filter ] --START--
INFO: Run Behavior\WriteHtmlCacheBehavior [ RunTime:0.000549s ]
INFO: Run Behavior\TokenBuildBehavior [ RunTime:0.001471s ]
INFO: [ view_filter ] --END-- [ RunTime:0.002202s ]
INFO: [ app_end ] --START--
INFO: Run Behavior\ShowPageTraceBehavior [ RunTime:0.000710s ]
INFO: [ app_end ] --END-- [ RunTime:0.000821s ]

[ 2018-07-13T17:25:04+08:00 ] 127.0.0.1 /fonts/glyphicons-halflings-regular.woff2
INFO: [ app_init ] --START--
INFO: Run Behavior\BuildLiteBehavior [ RunTime:0.000026s ]
INFO: [ app_init ] --END-- [ RunTime:0.000508s ]
INFO: [ app_begin ] --START--
INFO: Run Behavior\ReadHtmlCacheBehavior [ RunTime:0.000484s ]
INFO: Run Behavior\CheckLangBehavior [ RunTime:0.000853s ]
INFO: [ app_begin ] --END-- [ RunTime:0.001508s ]
ERR: 无法加载控制器:Fonts

[ 2018-07-13T17:25:46+08:00 ] 127.0.0.1 /Disease/adds
INFO: [ app_init ] --START--
INFO: Run Behavior\BuildLiteBehavior [ RunTime:0.000024s ]
INFO: [ app_init ] --END-- [ RunTime:0.000477s ]
INFO: [ app_begin ] --START--
INFO: Run Behavior\ReadHtmlCacheBehavior [ RunTime:0.000617s ]
INFO: Run Behavior\CheckLangBehavior [ RunTime:0.000971s ]
INFO: [ app_begin ] --END-- [ RunTime:0.001769s ]
SQL: DESCRIBE department [ RunTime:0.040771s ]
SQL: SELECT * FROM `department` WHERE ( `status_delete` = 1 ) AND ( `pid` = 0 )  [ RunTime:0.039077s ]
SQL: DESCRIBE body_disease [ RunTime:0.040457s ]
NOTIC: [2] extract() expects parameter 1 to be array, null given D:\Projects\HomeDoctor\System\Application\Home\Model\BodyDiseaseModel.class.php 第 8 行.
SQL: SELECT * FROM `body_disease` WHERE ( `status_delete` = 1 )  [ RunTime:0.035568s ]
INFO: [ view_parse ] --START--
INFO: [ template_filter ] --START--
INFO: Run Behavior\ContentReplaceBehavior [ RunTime:0.000095s ]
INFO: [ template_filter ] --END-- [ RunTime:0.000207s ]
NOTIC: [8] Undefined variable: result D:\Projects\HomeDoctor\System\Application\Runtime\Cache\Home\ce360b53183f600b91fbb662637a6a94.php 第 26 行.
NOTIC: [8] Undefined variable: result D:\Projects\HomeDoctor\System\Application\Runtime\Cache\Home\ce360b53183f600b91fbb662637a6a94.php 第 33 行.
NOTIC: [8] Undefined variable: result D:\Projects\HomeDoctor\System\Application\Runtime\Cache\Home\ce360b53183f600b91fbb662637a6a94.php 第 40 行.
NOTIC: [8] Undefined variable: result D:\Projects\HomeDoctor\System\Application\Runtime\Cache\Home\ce360b53183f600b91fbb662637a6a94.php 第 40 行.
NOTIC: [8] Undefined variable: result D:\Projects\HomeDoctor\System\Application\Runtime\Cache\Home\ce360b53183f600b91fbb662637a6a94.php 第 47 行.
NOTIC: [8] Undefined variable: result D:\Projects\HomeDoctor\System\Application\Runtime\Cache\Home\ce360b53183f600b91fbb662637a6a94.php 第 47 行.
NOTIC: [8] Undefined variable: result D:\Projects\HomeDoctor\System\Application\Runtime\Cache\Home\ce360b53183f600b91fbb662637a6a94.php 第 54 行.
NOTIC: [8] Undefined variable: result D:\Projects\HomeDoctor\System\Application\Runtime\Cache\Home\ce360b53183f600b91fbb662637a6a94.php 第 54 行.
NOTIC: [8] Undefined variable: result D:\Projects\HomeDoctor\System\Application\Runtime\Cache\Home\ce360b53183f600b91fbb662637a6a94.php 第 61 行.
NOTIC: [8] Undefined variable: result D:\Projects\HomeDoctor\System\Application\Runtime\Cache\Home\ce360b53183f600b91fbb662637a6a94.php 第 61 行.
NOTIC: [8] Undefined variable: result D:\Projects\HomeDoctor\System\Application\Runtime\Cache\Home\ce360b53183f600b91fbb662637a6a94.php 第 68 行.
NOTIC: [8] Undefined variable: result D:\Projects\HomeDoctor\System\Application\Runtime\Cache\Home\ce360b53183f600b91fbb662637a6a94.php 第 68 行.
NOTIC: [8] Undefined variable: result D:\Projects\HomeDoctor\System\Application\Runtime\Cache\Home\ce360b53183f600b91fbb662637a6a94.php 第 75 行.
NOTIC: [8] Undefined variable: result D:\Projects\HomeDoctor\System\Application\Runtime\Cache\Home\ce360b53183f600b91fbb662637a6a94.php 第 75 行.
NOTIC: [8] Undefined variable: result D:\Projects\HomeDoctor\System\Application\Runtime\Cache\Home\ce360b53183f600b91fbb662637a6a94.php 第 82 行.
NOTIC: [8] Undefined variable: result D:\Projects\HomeDoctor\System\Application\Runtime\Cache\Home\ce360b53183f600b91fbb662637a6a94.php 第 82 行.
NOTIC: [8] Undefined variable: result D:\Projects\HomeDoctor\System\Application\Runtime\Cache\Home\ce360b53183f600b91fbb662637a6a94.php 第 89 行.
NOTIC: [8] Undefined variable: result D:\Projects\HomeDoctor\System\Application\Runtime\Cache\Home\ce360b53183f600b91fbb662637a6a94.php 第 89 行.
INFO: Run Behavior\ParseTemplateBehavior [ RunTime:0.027760s ]
INFO: [ view_parse ] --END-- [ RunTime:0.027888s ]
INFO: [ view_filter ] --START--
INFO: Run Behavior\WriteHtmlCacheBehavior [ RunTime:0.000563s ]
INFO: Run Behavior\TokenBuildBehavior [ RunTime:0.001296s ]
INFO: [ view_filter ] --END-- [ RunTime:0.002078s ]
INFO: [ app_end ] --START--
INFO: Run Behavior\ShowPageTraceBehavior [ RunTime:0.000695s ]
INFO: [ app_end ] --END-- [ RunTime:0.000798s ]

[ 2018-07-13T17:25:57+08:00 ] 127.0.0.1 /Disease/adds_do
INFO: [ app_init ] --START--
INFO: Run Behavior\BuildLiteBehavior [ RunTime:0.000024s ]
INFO: [ app_init ] --END-- [ RunTime:0.000485s ]
INFO: [ app_begin ] --START--
INFO: Run Behavior\ReadHtmlCacheBehavior [ RunTime:0.000457s ]
INFO: Run Behavior\CheckLangBehavior [ RunTime:0.000865s ]
INFO: [ app_begin ] --END-- [ RunTime:0.001460s ]
SQL: DESCRIBE disease [ RunTime:0.036436s ]
SQL: SELECT * FROM `disease` WHERE ( `status_delete` = 1 ) AND ( `name` = 'name' )  [ RunTime:0.042200s ]

[ 2018-07-13T17:28:33+08:00 ] 127.0.0.1 /Disease/adds
INFO: [ app_init ] --START--
INFO: Run Behavior\BuildLiteBehavior [ RunTime:0.000024s ]
INFO: [ app_init ] --END-- [ RunTime:0.000549s ]
INFO: [ app_begin ] --START--
INFO: Run Behavior\ReadHtmlCacheBehavior [ RunTime:0.000597s ]
INFO: Run Behavior\CheckLangBehavior [ RunTime:0.001049s ]
INFO: [ app_begin ] --END-- [ RunTime:0.001826s ]
SQL: DESCRIBE department [ RunTime:0.038127s ]
SQL: SELECT * FROM `department` WHERE ( `status_delete` = 1 ) AND ( `pid` = 0 )  [ RunTime:0.034766s ]
SQL: DESCRIBE body_disease [ RunTime:0.037138s ]
NOTIC: [2] extract() expects parameter 1 to be array, null given D:\Projects\HomeDoctor\System\Application\Home\Model\BodyDiseaseModel.class.php 第 8 行.
SQL: SELECT * FROM `body_disease` WHERE ( `status_delete` = 1 )  [ RunTime:0.038560s ]
INFO: [ view_parse ] --START--
INFO: [ template_filter ] --START--
INFO: Run Behavior\ContentReplaceBehavior [ RunTime:0.000091s ]
INFO: [ template_filter ] --END-- [ RunTime:0.000207s ]
NOTIC: [8] Undefined variable: result D:\Projects\HomeDoctor\System\Application\Runtime\Cache\Home\ce360b53183f600b91fbb662637a6a94.php 第 26 行.
NOTIC: [8] Undefined variable: result D:\Projects\HomeDoctor\System\Application\Runtime\Cache\Home\ce360b53183f600b91fbb662637a6a94.php 第 33 行.
NOTIC: [8] Undefined variable: result D:\Projects\HomeDoctor\System\Application\Runtime\Cache\Home\ce360b53183f600b91fbb662637a6a94.php 第 40 行.
NOTIC: [8] Undefined variable: result D:\Projects\HomeDoctor\System\Application\Runtime\Cache\Home\ce360b53183f600b91fbb662637a6a94.php 第 40 行.
NOTIC: [8] Undefined variable: result D:\Projects\HomeDoctor\System\Application\Runtime\Cache\Home\ce360b53183f600b91fbb662637a6a94.php 第 47 行.
NOTIC: [8] Undefined variable: result D:\Projects\HomeDoctor\System\Application\Runtime\Cache\Home\ce360b53183f600b91fbb662637a6a94.php 第 47 行.
NOTIC: [8] Undefined variable: result D:\Projects\HomeDoctor\System\Application\Runtime\Cache\Home\ce360b53183f600b91fbb662637a6a94.php 第 54 行.
NOTIC: [8] Undefined variable: result D:\Projects\HomeDoctor\System\Application\Runtime\Cache\Home\ce360b53183f600b91fbb662637a6a94.php 第 54 行.
NOTIC: [8] Undefined variable: result D:\Projects\HomeDoctor\System\Application\Runtime\Cache\Home\ce360b53183f600b91fbb662637a6a94.php 第 61 行.
NOTIC: [8] Undefined variable: result D:\Projects\HomeDoctor\System\Application\Runtime\Cache\Home\ce360b53183f600b91fbb662637a6a94.php 第 61 行.
NOTIC: [8] Undefined variable: result D:\Projects\HomeDoctor\System\Application\Runtime\Cache\Home\ce360b53183f600b91fbb662637a6a94.php 第 68 行.
NOTIC: [8] Undefined variable: result D:\Projects\HomeDoctor\System\Application\Runtime\Cache\Home\ce360b53183f600b91fbb662637a6a94.php 第 68 行.
NOTIC: [8] Undefined variable: result D:\Projects\HomeDoctor\System\Application\Runtime\Cache\Home\ce360b53183f600b91fbb662637a6a94.php 第 75 行.
NOTIC: [8] Undefined variable: result D:\Projects\HomeDoctor\System\Application\Runtime\Cache\Home\ce360b53183f600b91fbb662637a6a94.php 第 75 行.
NOTIC: [8] Undefined variable: result D:\Projects\HomeDoctor\System\Application\Runtime\Cache\Home\ce360b53183f600b91fbb662637a6a94.php 第 82 行.
NOTIC: [8] Undefined variable: result D:\Projects\HomeDoctor\System\Application\Runtime\Cache\Home\ce360b53183f600b91fbb662637a6a94.php 第 82 行.
NOTIC: [8] Undefined variable: result D:\Projects\HomeDoctor\System\Application\Runtime\Cache\Home\ce360b53183f600b91fbb662637a6a94.php 第 89 行.
NOTIC: [8] Undefined variable: result D:\Projects\HomeDoctor\System\Application\Runtime\Cache\Home\ce360b53183f600b91fbb662637a6a94.php 第 89 行.
INFO: Run Behavior\ParseTemplateBehavior [ RunTime:0.036805s ]
INFO: [ view_parse ] --END-- [ RunTime:0.036956s ]
INFO: [ view_filter ] --START--
INFO: Run Behavior\WriteHtmlCacheBehavior [ RunTime:0.000616s ]
INFO: Run Behavior\TokenBuildBehavior [ RunTime:0.001216s ]
INFO: [ view_filter ] --END-- [ RunTime:0.002018s ]
INFO: [ app_end ] --START--
INFO: Run Behavior\ShowPageTraceBehavior [ RunTime:0.000717s ]
INFO: [ app_end ] --END-- [ RunTime:0.000821s ]

[ 2018-07-13T17:28:43+08:00 ] 127.0.0.1 /Disease/adds_do
INFO: [ app_init ] --START--
INFO: Run Behavior\BuildLiteBehavior [ RunTime:0.000022s ]
INFO: [ app_init ] --END-- [ RunTime:0.000469s ]
INFO: [ app_begin ] --START--
INFO: Run Behavior\ReadHtmlCacheBehavior [ RunTime:0.000451s ]
INFO: Run Behavior\CheckLangBehavior [ RunTime:0.000863s ]
INFO: [ app_begin ] --END-- [ RunTime:0.001450s ]
SQL: DESCRIBE disease [ RunTime:0.038350s ]
SQL: SELECT * FROM `disease` WHERE ( `status_delete` = 1 ) AND ( `name` = 'name' ) LIMIT 1   [ RunTime:0.044032s ]
SQL: INSERT INTO `disease` (`name`,`first_letter`,`department`,`body_position`,`summarize`,`pathogenesis`,`symptoms`,`diagnosis`,`treatment`,`prevention`,`life`,`drug`,`status_delete`,`create_time`) VALUES ('name','N',0,0,'','','','','','','','',1,1531474123) [ RunTime:0.039987s ]

[ 2018-07-13T17:29:10+08:00 ] 127.0.0.1 /Disease/adds_do
INFO: [ app_init ] --START--
INFO: Run Behavior\BuildLiteBehavior [ RunTime:0.000022s ]
INFO: [ app_init ] --END-- [ RunTime:0.000464s ]
INFO: [ app_begin ] --START--
INFO: Run Behavior\ReadHtmlCacheBehavior [ RunTime:0.000484s ]
INFO: Run Behavior\CheckLangBehavior [ RunTime:0.000882s ]
INFO: [ app_begin ] --END-- [ RunTime:0.001515s ]
SQL: DESCRIBE disease [ RunTime:0.039218s ]
SQL: SELECT * FROM `disease` WHERE ( `status_delete` = 1 ) AND ( `name` = '流行性腮腺炎' ) LIMIT 1   [ RunTime:0.040639s ]

[ 2018-07-13T17:35:56+08:00 ] 127.0.0.1 /Disease/adds_do
INFO: [ app_init ] --START--
INFO: Run Behavior\BuildLiteBehavior [ RunTime:0.000022s ]
INFO: [ app_init ] --END-- [ RunTime:0.000506s ]
INFO: [ app_begin ] --START--
INFO: Run Behavior\ReadHtmlCacheBehavior [ RunTime:0.000564s ]
INFO: Run Behavior\CheckLangBehavior [ RunTime:0.001014s ]
INFO: [ app_begin ] --END-- [ RunTime:0.001726s ]
SQL: DESCRIBE disease [ RunTime:0.041527s ]
SQL: SELECT * FROM `disease` WHERE ( `status_delete` = 1 ) AND ( `name` = '流行性腮腺炎' ) LIMIT 1   [ RunTime:0.047376s ]

[ 2018-07-13T17:36:00+08:00 ] 127.0.0.1 /Disease/adds_do
INFO: [ app_init ] --START--
INFO: Run Behavior\BuildLiteBehavior [ RunTime:0.000023s ]
INFO: [ app_init ] --END-- [ RunTime:0.000475s ]
INFO: [ app_begin ] --START--
INFO: Run Behavior\ReadHtmlCacheBehavior [ RunTime:0.000451s ]
INFO: Run Behavior\CheckLangBehavior [ RunTime:0.000843s ]
INFO: [ app_begin ] --END-- [ RunTime:0.001433s ]
SQL: DESCRIBE disease [ RunTime:0.042479s ]
SQL: SELECT * FROM `disease` WHERE ( `status_delete` = 1 ) AND ( `name` = '流行性腮腺炎1' ) LIMIT 1   [ RunTime:0.042822s ]
SQL: INSERT INTO `disease` (`name`,`first_letter`,`department`,`body_position`,`summarize`,`pathogenesis`,`symptoms`,`diagnosis`,`treatment`,`prevention`,`life`,`drug`,`status_delete`,`create_time`) VALUES ('流行性腮腺炎1','N',0,0,'','','','','','','','',1,1531474560) [ RunTime:0.046568s ]

